[22:29:12.125] Global cache location '/home/pixendrit/.cache/typescript/4.6', safe file path '/home/pixendrit/.emacs.d/.local/etc/lsp/npm/typescript/lib/node_modules/typescript/lib/typingSafeList.json', types map path /home/pixendrit/.emacs.d/.local/etc/lsp/npm/typescript/lib/node_modules/typescript/lib/typesMap.json
[22:29:12.126] Processing cache location '/home/pixendrit/.cache/typescript/4.6'
[22:29:12.126] Trying to find '/home/pixendrit/.cache/typescript/4.6/package.json'...
[22:29:12.130] Loaded content of '/home/pixendrit/.cache/typescript/4.6/package.json': {"private":true,"dependencies":{"types-registry":"^0.1.586"},"devDependencies":{"@types/babel-core":"^6.25.7","@types/compression":"^1.7.2","@types/config":"^0.0.41","@types/connect-redis":"^0.0.18","@types/cookie-parser":"^1.4.2","@types/cors":"^2.8.12","@types/debug":"^4.1.7","@types/express":"^4.17.13","@types/express-session":"^1.17.4","@types/http-errors":"^1.8.2","@types/jade":"^0.0.31","@types/jsonwebtoken":"^8.5.8","@types/lodash":"^4.14.181","@types/mongoose-paginate":"^5.0.11","@types/morgan":"^1.9.3","@types/node":"^17.0.21","@types/nodemailer":"^6.4.4","@types/nodemon":"^1.19.1","@types/passport":"^1.0.7","@types/passport-local":"^1.0.34","@types/rate-limit-redis":"^1.7.4","@types/react":"^17.0.41","@types/react-dom":"^17.0.14","@types/rimraf":"^3.0.2","@types/tailwindcss":"^3.0.9","@types/tunnel-ssh":"^4.1.1","@types/uuid":"^8.3.4","@types/validator":"^13.7.2","@types/winjs":"^4.4.1"}}
[22:29:12.130] Loaded content of '/home/pixendrit/.cache/typescript/4.6/package-lock.json'
[22:29:12.139] Adding entry into typings cache: 'babel-core' => '/home/pixendrit/.cache/typescript/4.6/node_modules/@types/babel-core/index.d.ts'
[22:29:12.142] Adding entry into typings cache: 'compression' => '/home/pixendrit/.cache/typescript/4.6/node_modules/@types/compression/index.d.ts'
[22:29:12.145] Adding entry into typings cache: 'config' => '/home/pixendrit/.cache/typescript/4.6/node_modules/@types/config/index.d.ts'
[22:29:12.146] Adding entry into typings cache: 'connect-redis' => '/home/pixendrit/.cache/typescript/4.6/node_modules/@types/connect-redis/index.d.ts'
[22:29:12.148] Adding entry into typings cache: 'cookie-parser' => '/home/pixendrit/.cache/typescript/4.6/node_modules/@types/cookie-parser/index.d.ts'
[22:29:12.149] Adding entry into typings cache: 'cors' => '/home/pixendrit/.cache/typescript/4.6/node_modules/@types/cors/index.d.ts'
[22:29:12.153] Adding entry into typings cache: 'debug' => '/home/pixendrit/.cache/typescript/4.6/node_modules/@types/debug/index.d.ts'
[22:29:12.155] Adding entry into typings cache: 'express' => '/home/pixendrit/.cache/typescript/4.6/node_modules/@types/express/index.d.ts'
[22:29:12.157] Adding entry into typings cache: 'express-session' => '/home/pixendrit/.cache/typescript/4.6/node_modules/@types/express-session/index.d.ts'
[22:29:12.158] Adding entry into typings cache: 'http-errors' => '/home/pixendrit/.cache/typescript/4.6/node_modules/@types/http-errors/index.d.ts'
[22:29:12.159] Adding entry into typings cache: 'jade' => '/home/pixendrit/.cache/typescript/4.6/node_modules/@types/jade/index.d.ts'
[22:29:12.161] Adding entry into typings cache: 'jsonwebtoken' => '/home/pixendrit/.cache/typescript/4.6/node_modules/@types/jsonwebtoken/index.d.ts'
[22:29:12.163] Adding entry into typings cache: 'lodash' => '/home/pixendrit/.cache/typescript/4.6/node_modules/@types/lodash/index.d.ts'
[22:29:12.164] Adding entry into typings cache: 'mongoose-paginate' => '/home/pixendrit/.cache/typescript/4.6/node_modules/@types/mongoose-paginate/index.d.ts'
[22:29:12.165] Adding entry into typings cache: 'morgan' => '/home/pixendrit/.cache/typescript/4.6/node_modules/@types/morgan/index.d.ts'
[22:29:12.170] Adding entry into typings cache: 'node' => '/home/pixendrit/.cache/typescript/4.6/node_modules/@types/node/index.d.ts'
[22:29:12.172] Adding entry into typings cache: 'nodemailer' => '/home/pixendrit/.cache/typescript/4.6/node_modules/@types/nodemailer/index.d.ts'
[22:29:12.173] Adding entry into typings cache: 'nodemon' => '/home/pixendrit/.cache/typescript/4.6/node_modules/@types/nodemon/index.d.ts'
[22:29:12.175] Adding entry into typings cache: 'passport' => '/home/pixendrit/.cache/typescript/4.6/node_modules/@types/passport/index.d.ts'
[22:29:12.177] Adding entry into typings cache: 'passport-local' => '/home/pixendrit/.cache/typescript/4.6/node_modules/@types/passport-local/index.d.ts'
[22:29:12.178] Adding entry into typings cache: 'rate-limit-redis' => '/home/pixendrit/.cache/typescript/4.6/node_modules/@types/rate-limit-redis/index.d.ts'
[22:29:12.181] Adding entry into typings cache: 'react' => '/home/pixendrit/.cache/typescript/4.6/node_modules/@types/react/index.d.ts'
[22:29:12.182] Adding entry into typings cache: 'react-dom' => '/home/pixendrit/.cache/typescript/4.6/node_modules/@types/react-dom/index.d.ts'
[22:29:12.183] Adding entry into typings cache: 'rimraf' => '/home/pixendrit/.cache/typescript/4.6/node_modules/@types/rimraf/index.d.ts'
[22:29:12.184] Adding entry into typings cache: 'tailwindcss' => '/home/pixendrit/.cache/typescript/4.6/node_modules/@types/tailwindcss/index.d.ts'
[22:29:12.185] Adding entry into typings cache: 'tunnel-ssh' => '/home/pixendrit/.cache/typescript/4.6/node_modules/@types/tunnel-ssh/index.d.ts'
[22:29:12.186] Adding entry into typings cache: 'uuid' => '/home/pixendrit/.cache/typescript/4.6/node_modules/@types/uuid/index.d.ts'
[22:29:12.188] Adding entry into typings cache: 'validator' => '/home/pixendrit/.cache/typescript/4.6/node_modules/@types/validator/index.d.ts'
[22:29:12.189] Adding entry into typings cache: 'winjs' => '/home/pixendrit/.cache/typescript/4.6/node_modules/@types/winjs/index.d.ts'
[22:29:12.189] Finished processing cache location '/home/pixendrit/.cache/typescript/4.6'
[22:29:12.189] Process id: 14372
[22:29:12.189] NPM location: /usr/bin/npm (explicit '--npmLocation' not  provided)
[22:29:12.189] validateDefaultNpmLocation: false
[22:29:12.189] Npm config file: /home/pixendrit/.cache/typescript/4.6/package.json
[22:29:12.189] Updating types-registry npm package...
[22:29:12.189] Exec: /usr/bin/npm install --ignore-scripts types-registry@latest
[22:29:13.142]     Succeeded. stdout:
    
    up to date, audited 81 packages in 826ms

4 packages are looking for funding
  run `npm fund` for details

found 0 vulnerabilities

[22:29:13.142] Updated types-registry npm package
[22:29:13.167] Got install request {"projectName":"/dev/null/inferredProject1*","fileNames":["/home/pixendrit/.emacs.d/.local/etc/lsp/npm/typescript/lib/node_modules/typescript/lib/lib.es5.d.ts","/home/pixendrit/.emacs.d/.local/etc/lsp/npm/typescript/lib/node_modules/typescript/lib/lib.es2015.d.ts","/home/pixendrit/.emacs.d/.local/etc/lsp/npm/typescript/lib/node_modules/typescript/lib/lib.es2016.d.ts","/home/pixendrit/.emacs.d/.local/etc/lsp/npm/typescript/lib/node_modules/typescript/lib/lib.dom.d.ts","/home/pixendrit/.emacs.d/.local/etc/lsp/npm/typescript/lib/node_modules/typescript/lib/lib.dom.iterable.d.ts","/home/pixendrit/.emacs.d/.local/etc/lsp/npm/typescript/lib/node_modules/typescript/lib/lib.webworker.importscripts.d.ts","/home/pixendrit/.emacs.d/.local/etc/lsp/npm/typescript/lib/node_modules/typescript/lib/lib.scripthost.d.ts","/home/pixendrit/.emacs.d/.local/etc/lsp/npm/typescript/lib/node_modules/typescript/lib/lib.es2015.core.d.ts","/home/pixendrit/.emacs.d/.local/etc/lsp/npm/typescript/lib/node_modules/typescript/lib/lib.es2015.collection.d.ts","/home/pixendrit/.emacs.d/.local/etc/lsp/npm/typescript/lib/node_modules/typescript/lib/lib.es2015.generator.d.ts","/home/pixendrit/.emacs.d/.local/etc/lsp/npm/typescript/lib/node_modules/typescript/lib/lib.es2015.iterable.d.ts","/home/pixendrit/.emacs.d/.local/etc/lsp/npm/typescript/lib/node_modules/typescript/lib/lib.es2015.promise.d.ts","/home/pixendrit/.emacs.d/.local/etc/lsp/npm/typescript/lib/node_modules/typescript/lib/lib.es2015.proxy.d.ts","/home/pixendrit/.emacs.d/.local/etc/lsp/npm/typescript/lib/node_modules/typescript/lib/lib.es2015.reflect.d.ts","/home/pixendrit/.emacs.d/.local/etc/lsp/npm/typescript/lib/node_modules/typescript/lib/lib.es2015.symbol.d.ts","/home/pixendrit/.emacs.d/.local/etc/lsp/npm/typescript/lib/node_modules/typescript/lib/lib.es2015.symbol.wellknown.d.ts","/home/pixendrit/.emacs.d/.local/etc/lsp/npm/typescript/lib/node_modules/typescript/lib/lib.es2016.array.include.d.ts","/home/pixendrit/.emacs.d/.local/etc/lsp/npm/typescript/lib/node_modules/typescript/lib/lib.es2016.full.d.ts","/home/pixendrit/AntiqueStore/management-webclient/vue.config.js"],"compilerOptions":{"module":1,"target":3,"jsx":1,"allowJs":true,"allowSyntheticDefaultImports":true,"allowNonTsExtensions":true,"noEmitForJsFiles":true,"maxNodeModuleJsDepth":2},"typeAcquisition":{"enable":true,"include":[],"exclude":[]},"unresolvedImports":[],"projectRootPath":"/home/pixendrit/AntiqueStore/management-webclient","kind":"discover"}
[22:29:13.176] Loaded safelist from types map file '/home/pixendrit/.emacs.d/.local/etc/lsp/npm/typescript/lib/node_modules/typescript/lib/typesMap.json'
[22:29:13.177] Explicitly included types: []
[22:29:13.178] Typing names in '/home/pixendrit/AntiqueStore/management-webclient/package.json' dependencies: ["@fortawesome/fontawesome-svg-core","@fortawesome/free-solid-svg-icons","@fortawesome/vue-fontawesome","animate.css","autocomplete-vue","axios","bootstrap-vue","epic-spinners","lodash","luxon","moment","tiptap","tiptap-extensions","vue","vue-analytics","vue-croppa","vue-datetime","vue-js-toggle-button","vue-notification","vue-router","vue-scrollto","vue-tag-selector","vuex","vuex-persist","@vue/cli-plugin-babel","@vue/cli-plugin-eslint","@vue/cli-service","@vue/eslint-config-airbnb","babel-eslint","eslint","eslint-config-prettier","eslint-plugin-vue","node-sass","sass-loader","vue-template-compiler"]
[22:29:13.179] Searching for typing names in /home/pixendrit/AntiqueStore/management-webclient/node_modules; all files: ["/home/pixendrit/AntiqueStore/management-webclient/node_modules/@fortawesome/fontawesome-svg-core/package.json","/home/pixendrit/AntiqueStore/management-webclient/node_modules/@fortawesome/free-solid-svg-icons/package.json","/home/pixendrit/AntiqueStore/management-webclient/node_modules/@fortawesome/vue-fontawesome/package.json","/home/pixendrit/AntiqueStore/management-webclient/node_modules/animate.css/package.json","/home/pixendrit/AntiqueStore/management-webclient/node_modules/autocomplete-vue/package.json","/home/pixendrit/AntiqueStore/management-webclient/node_modules/axios/package.json","/home/pixendrit/AntiqueStore/management-webclient/node_modules/bootstrap-vue/package.json","/home/pixendrit/AntiqueStore/management-webclient/node_modules/epic-spinners/package.json","/home/pixendrit/AntiqueStore/management-webclient/node_modules/lodash/package.json","/home/pixendrit/AntiqueStore/management-webclient/node_modules/luxon/package.json","/home/pixendrit/AntiqueStore/management-webclient/node_modules/moment/package.json","/home/pixendrit/AntiqueStore/management-webclient/node_modules/tiptap/package.json","/home/pixendrit/AntiqueStore/management-webclient/node_modules/tiptap-extensions/package.json","/home/pixendrit/AntiqueStore/management-webclient/node_modules/vue/package.json","/home/pixendrit/AntiqueStore/management-webclient/node_modules/vue-analytics/package.json","/home/pixendrit/AntiqueStore/management-webclient/node_modules/vue-croppa/package.json","/home/pixendrit/AntiqueStore/management-webclient/node_modules/vue-datetime/package.json","/home/pixendrit/AntiqueStore/management-webclient/node_modules/vue-js-toggle-button/package.json","/home/pixendrit/AntiqueStore/management-webclient/node_modules/vue-notification/package.json","/home/pixendrit/AntiqueStore/management-webclient/node_modules/vue-router/package.json","/home/pixendrit/AntiqueStore/management-webclient/node_modules/vue-scrollto/package.json","/home/pixendrit/AntiqueStore/management-webclient/node_modules/vue-tag-selector/package.json","/home/pixendrit/AntiqueStore/management-webclient/node_modules/vuex/package.json","/home/pixendrit/AntiqueStore/management-webclient/node_modules/vuex-persist/package.json","/home/pixendrit/AntiqueStore/management-webclient/node_modules/@vue/cli-plugin-babel/package.json","/home/pixendrit/AntiqueStore/management-webclient/node_modules/@vue/cli-plugin-eslint/package.json","/home/pixendrit/AntiqueStore/management-webclient/node_modules/@vue/cli-service/package.json","/home/pixendrit/AntiqueStore/management-webclient/node_modules/@vue/eslint-config-airbnb/package.json","/home/pixendrit/AntiqueStore/management-webclient/node_modules/babel-eslint/package.json","/home/pixendrit/AntiqueStore/management-webclient/node_modules/eslint/package.json","/home/pixendrit/AntiqueStore/management-webclient/node_modules/eslint-config-prettier/package.json","/home/pixendrit/AntiqueStore/management-webclient/node_modules/eslint-plugin-vue/package.json","/home/pixendrit/AntiqueStore/management-webclient/node_modules/node-sass/package.json","/home/pixendrit/AntiqueStore/management-webclient/node_modules/sass-loader/package.json","/home/pixendrit/AntiqueStore/management-webclient/node_modules/vue-template-compiler/package.json"]
[22:29:13.180]     Found package names: []
[22:29:13.180] Inferred typings from unresolved imports: []
[22:29:13.181] Result: {"cachedTypingPaths":["/home/pixendrit/.cache/typescript/4.6/node_modules/@types/lodash/index.d.ts"],"newTypingNames":["@fortawesome/fontawesome-svg-core","@fortawesome/free-solid-svg-icons","@fortawesome/vue-fontawesome","animate.css","autocomplete-vue","axios","bootstrap-vue","epic-spinners","luxon","moment","tiptap","tiptap-extensions","vue","vue-analytics","vue-croppa","vue-datetime","vue-js-toggle-button","vue-notification","vue-router","vue-scrollto","vue-tag-selector","vuex","vuex-persist","@vue/cli-plugin-babel","@vue/cli-plugin-eslint","@vue/cli-service","@vue/eslint-config-airbnb","babel-eslint","eslint","eslint-config-prettier","eslint-plugin-vue","node-sass","sass-loader","vue-template-compiler"],"filesToWatch":["/home/pixendrit/AntiqueStore/management-webclient/bower_components","/home/pixendrit/AntiqueStore/management-webclient/package.json","/home/pixendrit/AntiqueStore/management-webclient/node_modules"]}
[22:29:13.181] Finished typings discovery: {"cachedTypingPaths":["/home/pixendrit/.cache/typescript/4.6/node_modules/@types/lodash/index.d.ts"],"newTypingNames":["@fortawesome/fontawesome-svg-core","@fortawesome/free-solid-svg-icons","@fortawesome/vue-fontawesome","animate.css","autocomplete-vue","axios","bootstrap-vue","epic-spinners","luxon","moment","tiptap","tiptap-extensions","vue","vue-analytics","vue-croppa","vue-datetime","vue-js-toggle-button","vue-notification","vue-router","vue-scrollto","vue-tag-selector","vuex","vuex-persist","@vue/cli-plugin-babel","@vue/cli-plugin-eslint","@vue/cli-service","@vue/eslint-config-airbnb","babel-eslint","eslint","eslint-config-prettier","eslint-plugin-vue","node-sass","sass-loader","vue-template-compiler"],"filesToWatch":["/home/pixendrit/AntiqueStore/management-webclient/bower_components","/home/pixendrit/AntiqueStore/management-webclient/package.json","/home/pixendrit/AntiqueStore/management-webclient/node_modules"]}
[22:29:13.181] DirectoryWatcher:: Added:: WatchInfo: /home/pixendrit/AntiqueStore/management-webclient/bower_components
[22:29:13.181] DirectoryWatcher:: Added:: WatchInfo: /home/pixendrit/AntiqueStore/management-webclient/bower_components 1 undefined Project: /dev/null/inferredProject1* watcher already invoked: false
[22:29:13.182] Elapsed:: 0.9463319992646575ms DirectoryWatcher:: Added:: WatchInfo: /home/pixendrit/AntiqueStore/management-webclient/bower_components 1 undefined Project: /dev/null/inferredProject1* watcher already invoked: false
[22:29:13.182] FileWatcher:: Added:: WatchInfo: /home/pixendrit/AntiqueStore/management-webclient/package.json
[22:29:13.182] FileWatcher:: Added:: WatchInfo: /home/pixendrit/AntiqueStore/management-webclient/package.json 2000 undefined Project: /dev/null/inferredProject1* watcher already invoked: false
[22:29:13.182] DirectoryWatcher:: Added:: WatchInfo: /home/pixendrit/AntiqueStore/management-webclient/node_modules
[22:29:13.182] DirectoryWatcher:: Added:: WatchInfo: /home/pixendrit/AntiqueStore/management-webclient/node_modules 1 undefined Project: /dev/null/inferredProject1* watcher already invoked: false
[22:29:13.183] Elapsed:: 0.5249709999188781ms DirectoryWatcher:: Added:: WatchInfo: /home/pixendrit/AntiqueStore/management-webclient/node_modules 1 undefined Project: /dev/null/inferredProject1* watcher already invoked: false
[22:29:13.183] Installing typings ["@fortawesome/fontawesome-svg-core","@fortawesome/free-solid-svg-icons","@fortawesome/vue-fontawesome","animate.css","autocomplete-vue","axios","bootstrap-vue","epic-spinners","luxon","moment","tiptap","tiptap-extensions","vue","vue-analytics","vue-croppa","vue-datetime","vue-js-toggle-button","vue-notification","vue-router","vue-scrollto","vue-tag-selector","vuex","vuex-persist","@vue/cli-plugin-babel","@vue/cli-plugin-eslint","@vue/cli-service","@vue/eslint-config-airbnb","babel-eslint","eslint","eslint-config-prettier","eslint-plugin-vue","node-sass","sass-loader","vue-template-compiler"]
[22:29:13.183] '@fortawesome/fontawesome-svg-core':: Entry for package 'fortawesome__fontawesome-svg-core' does not exist in local types registry - skipping...
[22:29:13.183] '@fortawesome/free-solid-svg-icons':: Entry for package 'fortawesome__free-solid-svg-icons' does not exist in local types registry - skipping...
[22:29:13.183] '@fortawesome/vue-fontawesome':: Entry for package 'fortawesome__vue-fontawesome' does not exist in local types registry - skipping...
[22:29:13.183] 'animate.css':: Entry for package 'animate.css' does not exist in local types registry - skipping...
[22:29:13.183] 'autocomplete-vue':: Entry for package 'autocomplete-vue' does not exist in local types registry - skipping...
[22:29:13.184] 'axios':: Entry for package 'axios' does not exist in local types registry - skipping...
[22:29:13.184] 'bootstrap-vue':: Entry for package 'bootstrap-vue' does not exist in local types registry - skipping...
[22:29:13.184] 'epic-spinners':: Entry for package 'epic-spinners' does not exist in local types registry - skipping...
[22:29:13.184] 'moment':: Entry for package 'moment' does not exist in local types registry - skipping...
[22:29:13.184] 'tiptap':: Entry for package 'tiptap' does not exist in local types registry - skipping...
[22:29:13.184] 'tiptap-extensions':: Entry for package 'tiptap-extensions' does not exist in local types registry - skipping...
[22:29:13.184] 'vue':: Entry for package 'vue' does not exist in local types registry - skipping...
[22:29:13.184] 'vue-analytics':: Entry for package 'vue-analytics' does not exist in local types registry - skipping...
[22:29:13.184] 'vue-croppa':: Entry for package 'vue-croppa' does not exist in local types registry - skipping...
[22:29:13.184] 'vue-js-toggle-button':: Entry for package 'vue-js-toggle-button' does not exist in local types registry - skipping...
[22:29:13.184] 'vue-notification':: Entry for package 'vue-notification' does not exist in local types registry - skipping...
[22:29:13.184] 'vue-router':: Entry for package 'vue-router' does not exist in local types registry - skipping...
[22:29:13.184] 'vue-scrollto':: Entry for package 'vue-scrollto' does not exist in local types registry - skipping...
[22:29:13.184] 'vue-tag-selector':: Entry for package 'vue-tag-selector' does not exist in local types registry - skipping...
[22:29:13.184] 'vuex':: Entry for package 'vuex' does not exist in local types registry - skipping...
[22:29:13.184] 'vuex-persist':: Entry for package 'vuex-persist' does not exist in local types registry - skipping...
[22:29:13.184] '@vue/cli-plugin-babel':: Entry for package 'vue__cli-plugin-babel' does not exist in local types registry - skipping...
[22:29:13.184] '@vue/cli-plugin-eslint':: Entry for package 'vue__cli-plugin-eslint' does not exist in local types registry - skipping...
[22:29:13.184] '@vue/cli-service':: Entry for package 'vue__cli-service' does not exist in local types registry - skipping...
[22:29:13.184] '@vue/eslint-config-airbnb':: Entry for package 'vue__eslint-config-airbnb' does not exist in local types registry - skipping...
[22:29:13.184] 'babel-eslint':: Entry for package 'babel-eslint' does not exist in local types registry - skipping...
[22:29:13.184] 'eslint-plugin-vue':: Entry for package 'eslint-plugin-vue' does not exist in local types registry - skipping...
[22:29:13.184] 'vue-template-compiler':: Entry for package 'vue-template-compiler' does not exist in local types registry - skipping...
[22:29:13.184] Npm config file: /home/pixendrit/.cache/typescript/4.6/package.json
[22:29:13.184] Sending response:
    {"kind":"event::beginInstallTypes","eventId":1,"typingsInstallerVersion":"4.6.3","projectName":"/dev/null/inferredProject1*"}
[22:29:13.184] Response has been sent.
[22:29:13.185] #1 with arguments'["@types/luxon@ts4.6","@types/vue-datetime@ts4.6","@types/eslint@ts4.6","@types/eslint-config-prettier@ts4.6","@types/node-sass@ts4.6","@types/sass-loader@ts4.6"]'.
[22:29:13.185] Exec: /usr/bin/npm install --ignore-scripts @types/luxon@ts4.6 @types/vue-datetime@ts4.6 @types/eslint@ts4.6 @types/eslint-config-prettier@ts4.6 @types/node-sass@ts4.6 @types/sass-loader@ts4.6 --save-dev --user-agent="typesInstaller/4.6.3"
[22:29:17.281]     Succeeded. stdout:
    
    added 20 packages, and audited 101 packages in 4s

5 packages are looking for funding
  run `npm fund` for details

found 0 vulnerabilities

[22:29:17.281] npm install #1 took: 4096 ms
[22:29:17.281] Installed typings ["@types/luxon@ts4.6","@types/vue-datetime@ts4.6","@types/eslint@ts4.6","@types/eslint-config-prettier@ts4.6","@types/node-sass@ts4.6","@types/sass-loader@ts4.6"]
[22:29:17.284] Installed typing files ["/home/pixendrit/.cache/typescript/4.6/node_modules/@types/luxon/index.d.ts","/home/pixendrit/.cache/typescript/4.6/node_modules/@types/vue-datetime/index.d.ts","/home/pixendrit/.cache/typescript/4.6/node_modules/@types/eslint/index.d.ts","/home/pixendrit/.cache/typescript/4.6/node_modules/@types/eslint-config-prettier/index.d.ts","/home/pixendrit/.cache/typescript/4.6/node_modules/@types/node-sass/index.d.ts","/home/pixendrit/.cache/typescript/4.6/node_modules/@types/sass-loader/index.d.ts"]
[22:29:17.284] Sending response:
    {"projectName":"/dev/null/inferredProject1*","typeAcquisition":{"enable":true,"include":[],"exclude":[]},"compilerOptions":{"module":1,"target":3,"jsx":1,"allowJs":true,"allowSyntheticDefaultImports":true,"allowNonTsExtensions":true,"noEmitForJsFiles":true,"maxNodeModuleJsDepth":2},"typings":["/home/pixendrit/.cache/typescript/4.6/node_modules/@types/lodash/index.d.ts","/home/pixendrit/.cache/typescript/4.6/node_modules/@types/luxon/index.d.ts","/home/pixendrit/.cache/typescript/4.6/node_modules/@types/vue-datetime/index.d.ts","/home/pixendrit/.cache/typescript/4.6/node_modules/@types/eslint/index.d.ts","/home/pixendrit/.cache/typescript/4.6/node_modules/@types/eslint-config-prettier/index.d.ts","/home/pixendrit/.cache/typescript/4.6/node_modules/@types/node-sass/index.d.ts","/home/pixendrit/.cache/typescript/4.6/node_modules/@types/sass-loader/index.d.ts"],"unresolvedImports":[],"kind":"action::set"}
[22:29:17.285] Response has been sent.
[22:29:17.285] Sending response:
    {"kind":"event::endInstallTypes","eventId":1,"projectName":"/dev/null/inferredProject1*","packagesToInstall":["@types/luxon@ts4.6","@types/vue-datetime@ts4.6","@types/eslint@ts4.6","@types/eslint-config-prettier@ts4.6","@types/node-sass@ts4.6","@types/sass-loader@ts4.6"],"installSuccess":true,"typingsInstallerVersion":"4.6.3"}
[22:29:17.285] Response has been sent.
[22:29:18.402] Got install request {"projectName":"/dev/null/inferredProject1*","fileNames":["/home/pixendrit/.emacs.d/.local/etc/lsp/npm/typescript/lib/node_modules/typescript/lib/lib.es5.d.ts","/home/pixendrit/.emacs.d/.local/etc/lsp/npm/typescript/lib/node_modules/typescript/lib/lib.es2015.d.ts","/home/pixendrit/.emacs.d/.local/etc/lsp/npm/typescript/lib/node_modules/typescript/lib/lib.es2016.d.ts","/home/pixendrit/.emacs.d/.local/etc/lsp/npm/typescript/lib/node_modules/typescript/lib/lib.dom.d.ts","/home/pixendrit/.emacs.d/.local/etc/lsp/npm/typescript/lib/node_modules/typescript/lib/lib.dom.iterable.d.ts","/home/pixendrit/.emacs.d/.local/etc/lsp/npm/typescript/lib/node_modules/typescript/lib/lib.webworker.importscripts.d.ts","/home/pixendrit/.emacs.d/.local/etc/lsp/npm/typescript/lib/node_modules/typescript/lib/lib.scripthost.d.ts","/home/pixendrit/.emacs.d/.local/etc/lsp/npm/typescript/lib/node_modules/typescript/lib/lib.es2015.core.d.ts","/home/pixendrit/.emacs.d/.local/etc/lsp/npm/typescript/lib/node_modules/typescript/lib/lib.es2015.collection.d.ts","/home/pixendrit/.emacs.d/.local/etc/lsp/npm/typescript/lib/node_modules/typescript/lib/lib.es2015.generator.d.ts","/home/pixendrit/.emacs.d/.local/etc/lsp/npm/typescript/lib/node_modules/typescript/lib/lib.es2015.iterable.d.ts","/home/pixendrit/.emacs.d/.local/etc/lsp/npm/typescript/lib/node_modules/typescript/lib/lib.es2015.promise.d.ts","/home/pixendrit/.emacs.d/.local/etc/lsp/npm/typescript/lib/node_modules/typescript/lib/lib.es2015.proxy.d.ts","/home/pixendrit/.emacs.d/.local/etc/lsp/npm/typescript/lib/node_modules/typescript/lib/lib.es2015.reflect.d.ts","/home/pixendrit/.emacs.d/.local/etc/lsp/npm/typescript/lib/node_modules/typescript/lib/lib.es2015.symbol.d.ts","/home/pixendrit/.emacs.d/.local/etc/lsp/npm/typescript/lib/node_modules/typescript/lib/lib.es2015.symbol.wellknown.d.ts","/home/pixendrit/.emacs.d/.local/etc/lsp/npm/typescript/lib/node_modules/typescript/lib/lib.es2016.array.include.d.ts","/home/pixendrit/.emacs.d/.local/etc/lsp/npm/typescript/lib/node_modules/typescript/lib/lib.es2016.full.d.ts","/home/pixendrit/AntiqueStore/management-webclient/vue.config.js","/home/pixendrit/.cache/typescript/4.6/node_modules/@types/eslint-config-prettier/index.d.ts","/home/pixendrit/.cache/typescript/4.6/node_modules/@types/eslint/helpers.d.ts","/home/pixendrit/.cache/typescript/4.6/node_modules/@types/eslint/index.d.ts","/home/pixendrit/.cache/typescript/4.6/node_modules/@types/lodash/common/common.d.ts","/home/pixendrit/.cache/typescript/4.6/node_modules/@types/lodash/common/array.d.ts","/home/pixendrit/.cache/typescript/4.6/node_modules/@types/lodash/common/collection.d.ts","/home/pixendrit/.cache/typescript/4.6/node_modules/@types/lodash/common/date.d.ts","/home/pixendrit/.cache/typescript/4.6/node_modules/@types/lodash/common/function.d.ts","/home/pixendrit/.cache/typescript/4.6/node_modules/@types/lodash/common/lang.d.ts","/home/pixendrit/.cache/typescript/4.6/node_modules/@types/lodash/common/math.d.ts","/home/pixendrit/.cache/typescript/4.6/node_modules/@types/lodash/common/number.d.ts","/home/pixendrit/.cache/typescript/4.6/node_modules/@types/lodash/common/object.d.ts","/home/pixendrit/.cache/typescript/4.6/node_modules/@types/lodash/common/seq.d.ts","/home/pixendrit/.cache/typescript/4.6/node_modules/@types/lodash/common/string.d.ts","/home/pixendrit/.cache/typescript/4.6/node_modules/@types/lodash/common/util.d.ts","/home/pixendrit/.cache/typescript/4.6/node_modules/@types/lodash/index.d.ts","/home/pixendrit/.cache/typescript/4.6/node_modules/@types/luxon/index.d.ts","/home/pixendrit/.cache/typescript/4.6/node_modules/@types/node-sass/index.d.ts","/home/pixendrit/.cache/typescript/4.6/node_modules/@types/sass-loader/index.d.ts","/home/pixendrit/.cache/typescript/4.6/node_modules/@types/vue-datetime/index.d.ts"],"compilerOptions":{"module":1,"target":3,"jsx":1,"allowJs":true,"allowSyntheticDefaultImports":true,"allowNonTsExtensions":true,"noEmitForJsFiles":true,"maxNodeModuleJsDepth":2},"typeAcquisition":{"enable":true,"include":[],"exclude":[]},"unresolvedImports":[],"projectRootPath":"/home/pixendrit/AntiqueStore/management-webclient","kind":"discover"}
[22:29:18.403] Explicitly included types: []
[22:29:18.406] Typing names in '/home/pixendrit/AntiqueStore/management-webclient/package.json' dependencies: ["@fortawesome/fontawesome-svg-core","@fortawesome/free-solid-svg-icons","@fortawesome/vue-fontawesome","animate.css","autocomplete-vue","axios","bootstrap-vue","epic-spinners","lodash","luxon","moment","tiptap","tiptap-extensions","vue","vue-analytics","vue-croppa","vue-datetime","vue-js-toggle-button","vue-notification","vue-router","vue-scrollto","vue-tag-selector","vuex","vuex-persist","@vue/cli-plugin-babel","@vue/cli-plugin-eslint","@vue/cli-service","@vue/eslint-config-airbnb","babel-eslint","eslint","eslint-config-prettier","eslint-plugin-vue","node-sass","sass-loader","vue-template-compiler"]
[22:29:18.406] Searching for typing names in /home/pixendrit/AntiqueStore/management-webclient/node_modules; all files: ["/home/pixendrit/AntiqueStore/management-webclient/node_modules/@fortawesome/fontawesome-svg-core/package.json","/home/pixendrit/AntiqueStore/management-webclient/node_modules/@fortawesome/free-solid-svg-icons/package.json","/home/pixendrit/AntiqueStore/management-webclient/node_modules/@fortawesome/vue-fontawesome/package.json","/home/pixendrit/AntiqueStore/management-webclient/node_modules/animate.css/package.json","/home/pixendrit/AntiqueStore/management-webclient/node_modules/autocomplete-vue/package.json","/home/pixendrit/AntiqueStore/management-webclient/node_modules/axios/package.json","/home/pixendrit/AntiqueStore/management-webclient/node_modules/bootstrap-vue/package.json","/home/pixendrit/AntiqueStore/management-webclient/node_modules/epic-spinners/package.json","/home/pixendrit/AntiqueStore/management-webclient/node_modules/lodash/package.json","/home/pixendrit/AntiqueStore/management-webclient/node_modules/luxon/package.json","/home/pixendrit/AntiqueStore/management-webclient/node_modules/moment/package.json","/home/pixendrit/AntiqueStore/management-webclient/node_modules/tiptap/package.json","/home/pixendrit/AntiqueStore/management-webclient/node_modules/tiptap-extensions/package.json","/home/pixendrit/AntiqueStore/management-webclient/node_modules/vue/package.json","/home/pixendrit/AntiqueStore/management-webclient/node_modules/vue-analytics/package.json","/home/pixendrit/AntiqueStore/management-webclient/node_modules/vue-croppa/package.json","/home/pixendrit/AntiqueStore/management-webclient/node_modules/vue-datetime/package.json","/home/pixendrit/AntiqueStore/management-webclient/node_modules/vue-js-toggle-button/package.json","/home/pixendrit/AntiqueStore/management-webclient/node_modules/vue-notification/package.json","/home/pixendrit/AntiqueStore/management-webclient/node_modules/vue-router/package.json","/home/pixendrit/AntiqueStore/management-webclient/node_modules/vue-scrollto/package.json","/home/pixendrit/AntiqueStore/management-webclient/node_modules/vue-tag-selector/package.json","/home/pixendrit/AntiqueStore/management-webclient/node_modules/vuex/package.json","/home/pixendrit/AntiqueStore/management-webclient/node_modules/vuex-persist/package.json","/home/pixendrit/AntiqueStore/management-webclient/node_modules/@vue/cli-plugin-babel/package.json","/home/pixendrit/AntiqueStore/management-webclient/node_modules/@vue/cli-plugin-eslint/package.json","/home/pixendrit/AntiqueStore/management-webclient/node_modules/@vue/cli-service/package.json","/home/pixendrit/AntiqueStore/management-webclient/node_modules/@vue/eslint-config-airbnb/package.json","/home/pixendrit/AntiqueStore/management-webclient/node_modules/babel-eslint/package.json","/home/pixendrit/AntiqueStore/management-webclient/node_modules/eslint/package.json","/home/pixendrit/AntiqueStore/management-webclient/node_modules/eslint-config-prettier/package.json","/home/pixendrit/AntiqueStore/management-webclient/node_modules/eslint-plugin-vue/package.json","/home/pixendrit/AntiqueStore/management-webclient/node_modules/node-sass/package.json","/home/pixendrit/AntiqueStore/management-webclient/node_modules/sass-loader/package.json","/home/pixendrit/AntiqueStore/management-webclient/node_modules/vue-template-compiler/package.json"]
[22:29:18.412]     Found package names: []
[22:29:18.412] Inferred typings from unresolved imports: []
[22:29:18.412] Result: {"cachedTypingPaths":["/home/pixendrit/.cache/typescript/4.6/node_modules/@types/lodash/index.d.ts","/home/pixendrit/.cache/typescript/4.6/node_modules/@types/luxon/index.d.ts","/home/pixendrit/.cache/typescript/4.6/node_modules/@types/vue-datetime/index.d.ts","/home/pixendrit/.cache/typescript/4.6/node_modules/@types/eslint/index.d.ts","/home/pixendrit/.cache/typescript/4.6/node_modules/@types/eslint-config-prettier/index.d.ts","/home/pixendrit/.cache/typescript/4.6/node_modules/@types/node-sass/index.d.ts","/home/pixendrit/.cache/typescript/4.6/node_modules/@types/sass-loader/index.d.ts"],"newTypingNames":["@fortawesome/fontawesome-svg-core","@fortawesome/free-solid-svg-icons","@fortawesome/vue-fontawesome","animate.css","autocomplete-vue","axios","bootstrap-vue","epic-spinners","moment","tiptap","tiptap-extensions","vue","vue-analytics","vue-croppa","vue-js-toggle-button","vue-notification","vue-router","vue-scrollto","vue-tag-selector","vuex","vuex-persist","@vue/cli-plugin-babel","@vue/cli-plugin-eslint","@vue/cli-service","@vue/eslint-config-airbnb","babel-eslint","eslint-plugin-vue","vue-template-compiler"],"filesToWatch":["/home/pixendrit/AntiqueStore/management-webclient/bower_components","/home/pixendrit/AntiqueStore/management-webclient/package.json","/home/pixendrit/AntiqueStore/management-webclient/node_modules"]}
[22:29:18.413] Finished typings discovery: {"cachedTypingPaths":["/home/pixendrit/.cache/typescript/4.6/node_modules/@types/lodash/index.d.ts","/home/pixendrit/.cache/typescript/4.6/node_modules/@types/luxon/index.d.ts","/home/pixendrit/.cache/typescript/4.6/node_modules/@types/vue-datetime/index.d.ts","/home/pixendrit/.cache/typescript/4.6/node_modules/@types/eslint/index.d.ts","/home/pixendrit/.cache/typescript/4.6/node_modules/@types/eslint-config-prettier/index.d.ts","/home/pixendrit/.cache/typescript/4.6/node_modules/@types/node-sass/index.d.ts","/home/pixendrit/.cache/typescript/4.6/node_modules/@types/sass-loader/index.d.ts"],"newTypingNames":["@fortawesome/fontawesome-svg-core","@fortawesome/free-solid-svg-icons","@fortawesome/vue-fontawesome","animate.css","autocomplete-vue","axios","bootstrap-vue","epic-spinners","moment","tiptap","tiptap-extensions","vue","vue-analytics","vue-croppa","vue-js-toggle-button","vue-notification","vue-router","vue-scrollto","vue-tag-selector","vuex","vuex-persist","@vue/cli-plugin-babel","@vue/cli-plugin-eslint","@vue/cli-service","@vue/eslint-config-airbnb","babel-eslint","eslint-plugin-vue","vue-template-compiler"],"filesToWatch":["/home/pixendrit/AntiqueStore/management-webclient/bower_components","/home/pixendrit/AntiqueStore/management-webclient/package.json","/home/pixendrit/AntiqueStore/management-webclient/node_modules"]}
[22:29:18.413] Installing typings ["@fortawesome/fontawesome-svg-core","@fortawesome/free-solid-svg-icons","@fortawesome/vue-fontawesome","animate.css","autocomplete-vue","axios","bootstrap-vue","epic-spinners","moment","tiptap","tiptap-extensions","vue","vue-analytics","vue-croppa","vue-js-toggle-button","vue-notification","vue-router","vue-scrollto","vue-tag-selector","vuex","vuex-persist","@vue/cli-plugin-babel","@vue/cli-plugin-eslint","@vue/cli-service","@vue/eslint-config-airbnb","babel-eslint","eslint-plugin-vue","vue-template-compiler"]
[22:29:18.414] '@fortawesome/fontawesome-svg-core':: Entry for package 'fortawesome__fontawesome-svg-core' does not exist in local types registry - skipping...
[22:29:18.414] '@fortawesome/free-solid-svg-icons':: Entry for package 'fortawesome__free-solid-svg-icons' does not exist in local types registry - skipping...
[22:29:18.414] '@fortawesome/vue-fontawesome':: Entry for package 'fortawesome__vue-fontawesome' does not exist in local types registry - skipping...
[22:29:18.414] 'animate.css':: Entry for package 'animate.css' does not exist in local types registry - skipping...
[22:29:18.414] 'autocomplete-vue':: Entry for package 'autocomplete-vue' does not exist in local types registry - skipping...
[22:29:18.414] 'axios':: Entry for package 'axios' does not exist in local types registry - skipping...
[22:29:18.414] 'bootstrap-vue':: Entry for package 'bootstrap-vue' does not exist in local types registry - skipping...
[22:29:18.414] 'epic-spinners':: Entry for package 'epic-spinners' does not exist in local types registry - skipping...
[22:29:18.414] 'moment':: Entry for package 'moment' does not exist in local types registry - skipping...
[22:29:18.414] 'tiptap':: Entry for package 'tiptap' does not exist in local types registry - skipping...
[22:29:18.414] 'tiptap-extensions':: Entry for package 'tiptap-extensions' does not exist in local types registry - skipping...
[22:29:18.414] 'vue':: Entry for package 'vue' does not exist in local types registry - skipping...
[22:29:18.415] 'vue-analytics':: Entry for package 'vue-analytics' does not exist in local types registry - skipping...
[22:29:18.415] 'vue-croppa':: Entry for package 'vue-croppa' does not exist in local types registry - skipping...
[22:29:18.415] 'vue-js-toggle-button':: Entry for package 'vue-js-toggle-button' does not exist in local types registry - skipping...
[22:29:18.415] 'vue-notification':: Entry for package 'vue-notification' does not exist in local types registry - skipping...
[22:29:18.415] 'vue-router':: Entry for package 'vue-router' does not exist in local types registry - skipping...
[22:29:18.415] 'vue-scrollto':: Entry for package 'vue-scrollto' does not exist in local types registry - skipping...
[22:29:18.415] 'vue-tag-selector':: Entry for package 'vue-tag-selector' does not exist in local types registry - skipping...
[22:29:18.415] 'vuex':: Entry for package 'vuex' does not exist in local types registry - skipping...
[22:29:18.415] 'vuex-persist':: Entry for package 'vuex-persist' does not exist in local types registry - skipping...
[22:29:18.415] '@vue/cli-plugin-babel':: Entry for package 'vue__cli-plugin-babel' does not exist in local types registry - skipping...
[22:29:18.415] '@vue/cli-plugin-eslint':: Entry for package 'vue__cli-plugin-eslint' does not exist in local types registry - skipping...
[22:29:18.415] '@vue/cli-service':: Entry for package 'vue__cli-service' does not exist in local types registry - skipping...
[22:29:18.415] '@vue/eslint-config-airbnb':: Entry for package 'vue__eslint-config-airbnb' does not exist in local types registry - skipping...
[22:29:18.416] 'babel-eslint':: Entry for package 'babel-eslint' does not exist in local types registry - skipping...
[22:29:18.416] 'eslint-plugin-vue':: Entry for package 'eslint-plugin-vue' does not exist in local types registry - skipping...
[22:29:18.416] 'vue-template-compiler':: Entry for package 'vue-template-compiler' does not exist in local types registry - skipping...
[22:29:18.416] All typings are known to be missing or invalid - no need to install more typings
[22:29:18.416] Sending response:
    {"projectName":"/dev/null/inferredProject1*","typeAcquisition":{"enable":true,"include":[],"exclude":[]},"compilerOptions":{"module":1,"target":3,"jsx":1,"allowJs":true,"allowSyntheticDefaultImports":true,"allowNonTsExtensions":true,"noEmitForJsFiles":true,"maxNodeModuleJsDepth":2},"typings":["/home/pixendrit/.cache/typescript/4.6/node_modules/@types/lodash/index.d.ts","/home/pixendrit/.cache/typescript/4.6/node_modules/@types/luxon/index.d.ts","/home/pixendrit/.cache/typescript/4.6/node_modules/@types/vue-datetime/index.d.ts","/home/pixendrit/.cache/typescript/4.6/node_modules/@types/eslint/index.d.ts","/home/pixendrit/.cache/typescript/4.6/node_modules/@types/eslint-config-prettier/index.d.ts","/home/pixendrit/.cache/typescript/4.6/node_modules/@types/node-sass/index.d.ts","/home/pixendrit/.cache/typescript/4.6/node_modules/@types/sass-loader/index.d.ts"],"unresolvedImports":[],"kind":"action::set"}
[22:29:18.416] Response has been sent.
[22:29:43.053] Got install request {"projectName":"/dev/null/inferredProject2*","fileNames":["/home/pixendrit/.emacs.d/.local/etc/lsp/npm/typescript/lib/node_modules/typescript/lib/lib.es5.d.ts","/home/pixendrit/.emacs.d/.local/etc/lsp/npm/typescript/lib/node_modules/typescript/lib/lib.es2015.d.ts","/home/pixendrit/.emacs.d/.local/etc/lsp/npm/typescript/lib/node_modules/typescript/lib/lib.es2016.d.ts","/home/pixendrit/.emacs.d/.local/etc/lsp/npm/typescript/lib/node_modules/typescript/lib/lib.dom.d.ts","/home/pixendrit/.emacs.d/.local/etc/lsp/npm/typescript/lib/node_modules/typescript/lib/lib.dom.iterable.d.ts","/home/pixendrit/.emacs.d/.local/etc/lsp/npm/typescript/lib/node_modules/typescript/lib/lib.webworker.importscripts.d.ts","/home/pixendrit/.emacs.d/.local/etc/lsp/npm/typescript/lib/node_modules/typescript/lib/lib.scripthost.d.ts","/home/pixendrit/.emacs.d/.local/etc/lsp/npm/typescript/lib/node_modules/typescript/lib/lib.es2015.core.d.ts","/home/pixendrit/.emacs.d/.local/etc/lsp/npm/typescript/lib/node_modules/typescript/lib/lib.es2015.collection.d.ts","/home/pixendrit/.emacs.d/.local/etc/lsp/npm/typescript/lib/node_modules/typescript/lib/lib.es2015.generator.d.ts","/home/pixendrit/.emacs.d/.local/etc/lsp/npm/typescript/lib/node_modules/typescript/lib/lib.es2015.iterable.d.ts","/home/pixendrit/.emacs.d/.local/etc/lsp/npm/typescript/lib/node_modules/typescript/lib/lib.es2015.promise.d.ts","/home/pixendrit/.emacs.d/.local/etc/lsp/npm/typescript/lib/node_modules/typescript/lib/lib.es2015.proxy.d.ts","/home/pixendrit/.emacs.d/.local/etc/lsp/npm/typescript/lib/node_modules/typescript/lib/lib.es2015.reflect.d.ts","/home/pixendrit/.emacs.d/.local/etc/lsp/npm/typescript/lib/node_modules/typescript/lib/lib.es2015.symbol.d.ts","/home/pixendrit/.emacs.d/.local/etc/lsp/npm/typescript/lib/node_modules/typescript/lib/lib.es2015.symbol.wellknown.d.ts","/home/pixendrit/.emacs.d/.local/etc/lsp/npm/typescript/lib/node_modules/typescript/lib/lib.es2016.array.include.d.ts","/home/pixendrit/.emacs.d/.local/etc/lsp/npm/typescript/lib/node_modules/typescript/lib/lib.es2016.full.d.ts","/home/pixendrit/AntiqueStore/management-webclient/src/app-configs.js"],"compilerOptions":{"module":1,"target":3,"jsx":1,"allowJs":true,"allowSyntheticDefaultImports":true,"allowNonTsExtensions":true,"noEmitForJsFiles":true,"maxNodeModuleJsDepth":2},"typeAcquisition":{"enable":true,"include":[],"exclude":[]},"unresolvedImports":[],"projectRootPath":"/home/pixendrit/AntiqueStore/management-webclient/src","kind":"discover"}
[22:29:43.053] Explicitly included types: []
[22:29:43.054] Inferred typings from unresolved imports: []
[22:29:43.054] Result: {"cachedTypingPaths":[],"newTypingNames":[],"filesToWatch":["/home/pixendrit/AntiqueStore/management-webclient/src/bower_components","/home/pixendrit/AntiqueStore/management-webclient/src/node_modules"]}
[22:29:43.054] Finished typings discovery: {"cachedTypingPaths":[],"newTypingNames":[],"filesToWatch":["/home/pixendrit/AntiqueStore/management-webclient/src/bower_components","/home/pixendrit/AntiqueStore/management-webclient/src/node_modules"]}
[22:29:43.054] DirectoryWatcher:: Added:: WatchInfo: /home/pixendrit/AntiqueStore/management-webclient/src/bower_components
[22:29:43.054] DirectoryWatcher:: Added:: WatchInfo: /home/pixendrit/AntiqueStore/management-webclient/src/bower_components 1 undefined Project: /dev/null/inferredProject2* watcher already invoked: false
[22:29:43.054] Elapsed:: 0.1280309995636344ms DirectoryWatcher:: Added:: WatchInfo: /home/pixendrit/AntiqueStore/management-webclient/src/bower_components 1 undefined Project: /dev/null/inferredProject2* watcher already invoked: false
[22:29:43.054] DirectoryWatcher:: Added:: WatchInfo: /home/pixendrit/AntiqueStore/management-webclient/src/node_modules
[22:29:43.054] DirectoryWatcher:: Added:: WatchInfo: /home/pixendrit/AntiqueStore/management-webclient/src/node_modules 1 undefined Project: /dev/null/inferredProject2* watcher already invoked: false
[22:29:43.054] Elapsed:: 0.08460100088268518ms DirectoryWatcher:: Added:: WatchInfo: /home/pixendrit/AntiqueStore/management-webclient/src/node_modules 1 undefined Project: /dev/null/inferredProject2* watcher already invoked: false
[22:29:43.054] Sending response:
    {"projectName":"/dev/null/inferredProject2*","typeAcquisition":{"enable":true,"include":[],"exclude":[]},"compilerOptions":{"module":1,"target":3,"jsx":1,"allowJs":true,"allowSyntheticDefaultImports":true,"allowNonTsExtensions":true,"noEmitForJsFiles":true,"maxNodeModuleJsDepth":2},"typings":[],"unresolvedImports":[],"kind":"action::set"}
[22:29:43.054] Response has been sent.
[22:29:43.054] No new typings were requested as a result of typings discovery
[22:29:54.309] Got install request {"projectName":"/dev/null/inferredProject3*","fileNames":["/home/pixendrit/.emacs.d/.local/etc/lsp/npm/typescript/lib/node_modules/typescript/lib/lib.es5.d.ts","/home/pixendrit/.emacs.d/.local/etc/lsp/npm/typescript/lib/node_modules/typescript/lib/lib.es2015.d.ts","/home/pixendrit/.emacs.d/.local/etc/lsp/npm/typescript/lib/node_modules/typescript/lib/lib.es2016.d.ts","/home/pixendrit/.emacs.d/.local/etc/lsp/npm/typescript/lib/node_modules/typescript/lib/lib.dom.d.ts","/home/pixendrit/.emacs.d/.local/etc/lsp/npm/typescript/lib/node_modules/typescript/lib/lib.dom.iterable.d.ts","/home/pixendrit/.emacs.d/.local/etc/lsp/npm/typescript/lib/node_modules/typescript/lib/lib.webworker.importscripts.d.ts","/home/pixendrit/.emacs.d/.local/etc/lsp/npm/typescript/lib/node_modules/typescript/lib/lib.scripthost.d.ts","/home/pixendrit/.emacs.d/.local/etc/lsp/npm/typescript/lib/node_modules/typescript/lib/lib.es2015.core.d.ts","/home/pixendrit/.emacs.d/.local/etc/lsp/npm/typescript/lib/node_modules/typescript/lib/lib.es2015.collection.d.ts","/home/pixendrit/.emacs.d/.local/etc/lsp/npm/typescript/lib/node_modules/typescript/lib/lib.es2015.generator.d.ts","/home/pixendrit/.emacs.d/.local/etc/lsp/npm/typescript/lib/node_modules/typescript/lib/lib.es2015.iterable.d.ts","/home/pixendrit/.emacs.d/.local/etc/lsp/npm/typescript/lib/node_modules/typescript/lib/lib.es2015.promise.d.ts","/home/pixendrit/.emacs.d/.local/etc/lsp/npm/typescript/lib/node_modules/typescript/lib/lib.es2015.proxy.d.ts","/home/pixendrit/.emacs.d/.local/etc/lsp/npm/typescript/lib/node_modules/typescript/lib/lib.es2015.reflect.d.ts","/home/pixendrit/.emacs.d/.local/etc/lsp/npm/typescript/lib/node_modules/typescript/lib/lib.es2015.symbol.d.ts","/home/pixendrit/.emacs.d/.local/etc/lsp/npm/typescript/lib/node_modules/typescript/lib/lib.es2015.symbol.wellknown.d.ts","/home/pixendrit/.emacs.d/.local/etc/lsp/npm/typescript/lib/node_modules/typescript/lib/lib.es2016.array.include.d.ts","/home/pixendrit/.emacs.d/.local/etc/lsp/npm/typescript/lib/node_modules/typescript/lib/lib.es2016.full.d.ts","/home/pixendrit/AntiqueStore/management-webclient/src/config.js"],"compilerOptions":{"module":1,"target":3,"jsx":1,"allowJs":true,"allowSyntheticDefaultImports":true,"allowNonTsExtensions":true,"noEmitForJsFiles":true,"maxNodeModuleJsDepth":2},"typeAcquisition":{"enable":true,"include":[],"exclude":[]},"unresolvedImports":[],"projectRootPath":"/home/pixendrit/AntiqueStore/management-webclient/src","kind":"discover"}
[22:29:54.309] Explicitly included types: []
[22:29:54.309] Inferred typings from unresolved imports: []
[22:29:54.310] Result: {"cachedTypingPaths":[],"newTypingNames":[],"filesToWatch":["/home/pixendrit/AntiqueStore/management-webclient/src/bower_components","/home/pixendrit/AntiqueStore/management-webclient/src/node_modules"]}
[22:29:54.310] Finished typings discovery: {"cachedTypingPaths":[],"newTypingNames":[],"filesToWatch":["/home/pixendrit/AntiqueStore/management-webclient/src/bower_components","/home/pixendrit/AntiqueStore/management-webclient/src/node_modules"]}
[22:29:54.310] DirectoryWatcher:: Added:: WatchInfo: /home/pixendrit/AntiqueStore/management-webclient/src/bower_components
[22:29:54.310] DirectoryWatcher:: Added:: WatchInfo: /home/pixendrit/AntiqueStore/management-webclient/src/bower_components 1 undefined Project: /dev/null/inferredProject3* watcher already invoked: false
[22:29:54.310] Elapsed:: 0.03614499978721142ms DirectoryWatcher:: Added:: WatchInfo: /home/pixendrit/AntiqueStore/management-webclient/src/bower_components 1 undefined Project: /dev/null/inferredProject3* watcher already invoked: false
[22:29:54.310] DirectoryWatcher:: Added:: WatchInfo: /home/pixendrit/AntiqueStore/management-webclient/src/node_modules
[22:29:54.310] DirectoryWatcher:: Added:: WatchInfo: /home/pixendrit/AntiqueStore/management-webclient/src/node_modules 1 undefined Project: /dev/null/inferredProject3* watcher already invoked: false
[22:29:54.310] Elapsed:: 0.02060599997639656ms DirectoryWatcher:: Added:: WatchInfo: /home/pixendrit/AntiqueStore/management-webclient/src/node_modules 1 undefined Project: /dev/null/inferredProject3* watcher already invoked: false
[22:29:54.310] Sending response:
    {"projectName":"/dev/null/inferredProject3*","typeAcquisition":{"enable":true,"include":[],"exclude":[]},"compilerOptions":{"module":1,"target":3,"jsx":1,"allowJs":true,"allowSyntheticDefaultImports":true,"allowNonTsExtensions":true,"noEmitForJsFiles":true,"maxNodeModuleJsDepth":2},"typings":[],"unresolvedImports":[],"kind":"action::set"}
[22:29:54.310] Response has been sent.
[22:29:54.310] No new typings were requested as a result of typings discovery
[22:38:35.971] Got install request {"projectName":"/dev/null/inferredProject4*","fileNames":["/home/pixendrit/.emacs.d/.local/etc/lsp/npm/typescript/lib/node_modules/typescript/lib/lib.es5.d.ts","/home/pixendrit/.emacs.d/.local/etc/lsp/npm/typescript/lib/node_modules/typescript/lib/lib.es2015.d.ts","/home/pixendrit/.emacs.d/.local/etc/lsp/npm/typescript/lib/node_modules/typescript/lib/lib.es2016.d.ts","/home/pixendrit/.emacs.d/.local/etc/lsp/npm/typescript/lib/node_modules/typescript/lib/lib.dom.d.ts","/home/pixendrit/.emacs.d/.local/etc/lsp/npm/typescript/lib/node_modules/typescript/lib/lib.dom.iterable.d.ts","/home/pixendrit/.emacs.d/.local/etc/lsp/npm/typescript/lib/node_modules/typescript/lib/lib.webworker.importscripts.d.ts","/home/pixendrit/.emacs.d/.local/etc/lsp/npm/typescript/lib/node_modules/typescript/lib/lib.scripthost.d.ts","/home/pixendrit/.emacs.d/.local/etc/lsp/npm/typescript/lib/node_modules/typescript/lib/lib.es2015.core.d.ts","/home/pixendrit/.emacs.d/.local/etc/lsp/npm/typescript/lib/node_modules/typescript/lib/lib.es2015.collection.d.ts","/home/pixendrit/.emacs.d/.local/etc/lsp/npm/typescript/lib/node_modules/typescript/lib/lib.es2015.generator.d.ts","/home/pixendrit/.emacs.d/.local/etc/lsp/npm/typescript/lib/node_modules/typescript/lib/lib.es2015.iterable.d.ts","/home/pixendrit/.emacs.d/.local/etc/lsp/npm/typescript/lib/node_modules/typescript/lib/lib.es2015.promise.d.ts","/home/pixendrit/.emacs.d/.local/etc/lsp/npm/typescript/lib/node_modules/typescript/lib/lib.es2015.proxy.d.ts","/home/pixendrit/.emacs.d/.local/etc/lsp/npm/typescript/lib/node_modules/typescript/lib/lib.es2015.reflect.d.ts","/home/pixendrit/.emacs.d/.local/etc/lsp/npm/typescript/lib/node_modules/typescript/lib/lib.es2015.symbol.d.ts","/home/pixendrit/.emacs.d/.local/etc/lsp/npm/typescript/lib/node_modules/typescript/lib/lib.es2015.symbol.wellknown.d.ts","/home/pixendrit/.emacs.d/.local/etc/lsp/npm/typescript/lib/node_modules/typescript/lib/lib.es2016.array.include.d.ts","/home/pixendrit/.emacs.d/.local/etc/lsp/npm/typescript/lib/node_modules/typescript/lib/lib.es2016.full.d.ts","/home/pixendrit/AntiqueStore/management-webclient/src/services/FeatureService.js"],"compilerOptions":{"module":1,"target":3,"jsx":1,"allowJs":true,"allowSyntheticDefaultImports":true,"allowNonTsExtensions":true,"noEmitForJsFiles":true,"maxNodeModuleJsDepth":2},"typeAcquisition":{"enable":true,"include":[],"exclude":[]},"unresolvedImports":["@/constants"],"projectRootPath":"/home/pixendrit/AntiqueStore/management-webclient/src/services","kind":"discover"}
[22:38:35.971] Explicitly included types: []
[22:38:35.971] Inferred typings from unresolved imports: ["@/constants"]
[22:38:35.971] Result: {"cachedTypingPaths":[],"newTypingNames":["@/constants"],"filesToWatch":["/home/pixendrit/AntiqueStore/management-webclient/src/services/bower_components","/home/pixendrit/AntiqueStore/management-webclient/src/services/node_modules"]}
[22:38:35.972] Finished typings discovery: {"cachedTypingPaths":[],"newTypingNames":["@/constants"],"filesToWatch":["/home/pixendrit/AntiqueStore/management-webclient/src/services/bower_components","/home/pixendrit/AntiqueStore/management-webclient/src/services/node_modules"]}
[22:38:35.972] DirectoryWatcher:: Added:: WatchInfo: /home/pixendrit/AntiqueStore/management-webclient/src/services/bower_components
[22:38:35.972] DirectoryWatcher:: Added:: WatchInfo: /home/pixendrit/AntiqueStore/management-webclient/src/services/bower_components 1 undefined Project: /dev/null/inferredProject4* watcher already invoked: false
[22:38:35.972] Elapsed:: 0.24302700068801641ms DirectoryWatcher:: Added:: WatchInfo: /home/pixendrit/AntiqueStore/management-webclient/src/services/bower_components 1 undefined Project: /dev/null/inferredProject4* watcher already invoked: false
[22:38:35.972] DirectoryWatcher:: Added:: WatchInfo: /home/pixendrit/AntiqueStore/management-webclient/src/services/node_modules
[22:38:35.972] DirectoryWatcher:: Added:: WatchInfo: /home/pixendrit/AntiqueStore/management-webclient/src/services/node_modules 1 undefined Project: /dev/null/inferredProject4* watcher already invoked: false
[22:38:35.972] Elapsed:: 0.08937600068747997ms DirectoryWatcher:: Added:: WatchInfo: /home/pixendrit/AntiqueStore/management-webclient/src/services/node_modules 1 undefined Project: /dev/null/inferredProject4* watcher already invoked: false
[22:38:35.972] Installing typings ["@/constants"]
[22:38:35.972] '@/constants':: Package name '@/constants' contains non URI safe characters
[22:38:35.972] All typings are known to be missing or invalid - no need to install more typings
[22:38:35.972] Sending response:
    {"projectName":"/dev/null/inferredProject4*","typeAcquisition":{"enable":true,"include":[],"exclude":[]},"compilerOptions":{"module":1,"target":3,"jsx":1,"allowJs":true,"allowSyntheticDefaultImports":true,"allowNonTsExtensions":true,"noEmitForJsFiles":true,"maxNodeModuleJsDepth":2},"typings":[],"unresolvedImports":["@/constants"],"kind":"action::set"}
[22:38:35.973] Response has been sent.
