[07:49:16.308] Global cache location '/home/pixendrit/.cache/typescript/4.6', safe file path '/home/pixendrit/.emacs.d/.local/etc/lsp/npm/typescript/lib/node_modules/typescript/lib/typingSafeList.json', types map path /home/pixendrit/.emacs.d/.local/etc/lsp/npm/typescript/lib/node_modules/typescript/lib/typesMap.json
[07:49:16.309] Processing cache location '/home/pixendrit/.cache/typescript/4.6'
[07:49:16.309] Trying to find '/home/pixendrit/.cache/typescript/4.6/package.json'...
[07:49:16.310] Loaded content of '/home/pixendrit/.cache/typescript/4.6/package.json': {"private":true,"dependencies":{"types-registry":"^0.1.586"},"devDependencies":{"@types/babel-core":"^6.25.7","@types/compression":"^1.7.2","@types/config":"^0.0.41","@types/connect-redis":"^0.0.18","@types/cookie-parser":"^1.4.2","@types/cors":"^2.8.12","@types/debug":"^4.1.7","@types/express":"^4.17.13","@types/express-session":"^1.17.4","@types/http-errors":"^1.8.2","@types/jade":"^0.0.31","@types/jsonwebtoken":"^8.5.8","@types/lodash":"^4.14.181","@types/mongoose-paginate":"^5.0.11","@types/morgan":"^1.9.3","@types/node":"^17.0.21","@types/nodemailer":"^6.4.4","@types/nodemon":"^1.19.1","@types/passport":"^1.0.7","@types/passport-local":"^1.0.34","@types/rate-limit-redis":"^1.7.4","@types/react":"^17.0.41","@types/react-dom":"^17.0.14","@types/rimraf":"^3.0.2","@types/tailwindcss":"^3.0.9","@types/tunnel-ssh":"^4.1.1","@types/uuid":"^8.3.4","@types/validator":"^13.7.2","@types/winjs":"^4.4.1"}}
[07:49:16.310] Loaded content of '/home/pixendrit/.cache/typescript/4.6/package-lock.json'
[07:49:16.319] Adding entry into typings cache: 'babel-core' => '/home/pixendrit/.cache/typescript/4.6/node_modules/@types/babel-core/index.d.ts'
[07:49:16.321] Adding entry into typings cache: 'compression' => '/home/pixendrit/.cache/typescript/4.6/node_modules/@types/compression/index.d.ts'
[07:49:16.323] Adding entry into typings cache: 'config' => '/home/pixendrit/.cache/typescript/4.6/node_modules/@types/config/index.d.ts'
[07:49:16.325] Adding entry into typings cache: 'connect-redis' => '/home/pixendrit/.cache/typescript/4.6/node_modules/@types/connect-redis/index.d.ts'
[07:49:16.326] Adding entry into typings cache: 'cookie-parser' => '/home/pixendrit/.cache/typescript/4.6/node_modules/@types/cookie-parser/index.d.ts'
[07:49:16.327] Adding entry into typings cache: 'cors' => '/home/pixendrit/.cache/typescript/4.6/node_modules/@types/cors/index.d.ts'
[07:49:16.331] Adding entry into typings cache: 'debug' => '/home/pixendrit/.cache/typescript/4.6/node_modules/@types/debug/index.d.ts'
[07:49:16.333] Adding entry into typings cache: 'express' => '/home/pixendrit/.cache/typescript/4.6/node_modules/@types/express/index.d.ts'
[07:49:16.335] Adding entry into typings cache: 'express-session' => '/home/pixendrit/.cache/typescript/4.6/node_modules/@types/express-session/index.d.ts'
[07:49:16.336] Adding entry into typings cache: 'http-errors' => '/home/pixendrit/.cache/typescript/4.6/node_modules/@types/http-errors/index.d.ts'
[07:49:16.338] Adding entry into typings cache: 'jade' => '/home/pixendrit/.cache/typescript/4.6/node_modules/@types/jade/index.d.ts'
[07:49:16.340] Adding entry into typings cache: 'jsonwebtoken' => '/home/pixendrit/.cache/typescript/4.6/node_modules/@types/jsonwebtoken/index.d.ts'
[07:49:16.342] Adding entry into typings cache: 'lodash' => '/home/pixendrit/.cache/typescript/4.6/node_modules/@types/lodash/index.d.ts'
[07:49:16.343] Adding entry into typings cache: 'mongoose-paginate' => '/home/pixendrit/.cache/typescript/4.6/node_modules/@types/mongoose-paginate/index.d.ts'
[07:49:16.344] Adding entry into typings cache: 'morgan' => '/home/pixendrit/.cache/typescript/4.6/node_modules/@types/morgan/index.d.ts'
[07:49:16.347] Adding entry into typings cache: 'node' => '/home/pixendrit/.cache/typescript/4.6/node_modules/@types/node/index.d.ts'
[07:49:16.348] Adding entry into typings cache: 'nodemailer' => '/home/pixendrit/.cache/typescript/4.6/node_modules/@types/nodemailer/index.d.ts'
[07:49:16.349] Adding entry into typings cache: 'nodemon' => '/home/pixendrit/.cache/typescript/4.6/node_modules/@types/nodemon/index.d.ts'
[07:49:16.351] Adding entry into typings cache: 'passport' => '/home/pixendrit/.cache/typescript/4.6/node_modules/@types/passport/index.d.ts'
[07:49:16.352] Adding entry into typings cache: 'passport-local' => '/home/pixendrit/.cache/typescript/4.6/node_modules/@types/passport-local/index.d.ts'
[07:49:16.353] Adding entry into typings cache: 'rate-limit-redis' => '/home/pixendrit/.cache/typescript/4.6/node_modules/@types/rate-limit-redis/index.d.ts'
[07:49:16.355] Adding entry into typings cache: 'react' => '/home/pixendrit/.cache/typescript/4.6/node_modules/@types/react/index.d.ts'
[07:49:16.356] Adding entry into typings cache: 'react-dom' => '/home/pixendrit/.cache/typescript/4.6/node_modules/@types/react-dom/index.d.ts'
[07:49:16.357] Adding entry into typings cache: 'rimraf' => '/home/pixendrit/.cache/typescript/4.6/node_modules/@types/rimraf/index.d.ts'
[07:49:16.358] Adding entry into typings cache: 'tailwindcss' => '/home/pixendrit/.cache/typescript/4.6/node_modules/@types/tailwindcss/index.d.ts'
[07:49:16.359] Adding entry into typings cache: 'tunnel-ssh' => '/home/pixendrit/.cache/typescript/4.6/node_modules/@types/tunnel-ssh/index.d.ts'
[07:49:16.360] Adding entry into typings cache: 'uuid' => '/home/pixendrit/.cache/typescript/4.6/node_modules/@types/uuid/index.d.ts'
[07:49:16.361] Adding entry into typings cache: 'validator' => '/home/pixendrit/.cache/typescript/4.6/node_modules/@types/validator/index.d.ts'
[07:49:16.362] Adding entry into typings cache: 'winjs' => '/home/pixendrit/.cache/typescript/4.6/node_modules/@types/winjs/index.d.ts'
[07:49:16.362] Finished processing cache location '/home/pixendrit/.cache/typescript/4.6'
[07:49:16.362] Process id: 41384
[07:49:16.363] NPM location: /usr/bin/npm (explicit '--npmLocation' not  provided)
[07:49:16.363] validateDefaultNpmLocation: false
[07:49:16.363] Npm config file: /home/pixendrit/.cache/typescript/4.6/package.json
[07:49:16.363] Updating types-registry npm package...
[07:49:16.363] Exec: /usr/bin/npm install --ignore-scripts types-registry@latest
[07:49:17.372]     Succeeded. stdout:
    
    up to date, audited 81 packages in 881ms

4 packages are looking for funding
  run `npm fund` for details

found 0 vulnerabilities

[07:49:17.372] Updated types-registry npm package
[07:49:17.425] Got install request {"projectName":"/dev/null/inferredProject1*","fileNames":["/home/pixendrit/.emacs.d/.local/etc/lsp/npm/typescript/lib/node_modules/typescript/lib/lib.es5.d.ts","/home/pixendrit/.emacs.d/.local/etc/lsp/npm/typescript/lib/node_modules/typescript/lib/lib.es2015.d.ts","/home/pixendrit/.emacs.d/.local/etc/lsp/npm/typescript/lib/node_modules/typescript/lib/lib.es2016.d.ts","/home/pixendrit/.emacs.d/.local/etc/lsp/npm/typescript/lib/node_modules/typescript/lib/lib.dom.d.ts","/home/pixendrit/.emacs.d/.local/etc/lsp/npm/typescript/lib/node_modules/typescript/lib/lib.dom.iterable.d.ts","/home/pixendrit/.emacs.d/.local/etc/lsp/npm/typescript/lib/node_modules/typescript/lib/lib.webworker.importscripts.d.ts","/home/pixendrit/.emacs.d/.local/etc/lsp/npm/typescript/lib/node_modules/typescript/lib/lib.scripthost.d.ts","/home/pixendrit/.emacs.d/.local/etc/lsp/npm/typescript/lib/node_modules/typescript/lib/lib.es2015.core.d.ts","/home/pixendrit/.emacs.d/.local/etc/lsp/npm/typescript/lib/node_modules/typescript/lib/lib.es2015.collection.d.ts","/home/pixendrit/.emacs.d/.local/etc/lsp/npm/typescript/lib/node_modules/typescript/lib/lib.es2015.generator.d.ts","/home/pixendrit/.emacs.d/.local/etc/lsp/npm/typescript/lib/node_modules/typescript/lib/lib.es2015.iterable.d.ts","/home/pixendrit/.emacs.d/.local/etc/lsp/npm/typescript/lib/node_modules/typescript/lib/lib.es2015.promise.d.ts","/home/pixendrit/.emacs.d/.local/etc/lsp/npm/typescript/lib/node_modules/typescript/lib/lib.es2015.proxy.d.ts","/home/pixendrit/.emacs.d/.local/etc/lsp/npm/typescript/lib/node_modules/typescript/lib/lib.es2015.reflect.d.ts","/home/pixendrit/.emacs.d/.local/etc/lsp/npm/typescript/lib/node_modules/typescript/lib/lib.es2015.symbol.d.ts","/home/pixendrit/.emacs.d/.local/etc/lsp/npm/typescript/lib/node_modules/typescript/lib/lib.es2015.symbol.wellknown.d.ts","/home/pixendrit/.emacs.d/.local/etc/lsp/npm/typescript/lib/node_modules/typescript/lib/lib.es2016.array.include.d.ts","/home/pixendrit/.emacs.d/.local/etc/lsp/npm/typescript/lib/node_modules/typescript/lib/lib.es2016.full.d.ts","/home/pixendrit/AntiqueStore/shopping-webclient/src/routers/router.js"],"compilerOptions":{"module":1,"target":3,"jsx":1,"allowJs":true,"allowSyntheticDefaultImports":true,"allowNonTsExtensions":true,"noEmitForJsFiles":true,"maxNodeModuleJsDepth":2},"typeAcquisition":{"enable":true,"include":[],"exclude":[]},"unresolvedImports":["@/app-configs","@/components","@/views","vue","vue-analytics","vue-router"],"projectRootPath":"/home/pixendrit/AntiqueStore/shopping-webclient/src/routers","kind":"discover"}
[07:49:17.434] Loaded safelist from types map file '/home/pixendrit/.emacs.d/.local/etc/lsp/npm/typescript/lib/node_modules/typescript/lib/typesMap.json'
[07:49:17.434] Explicitly included types: []
[07:49:17.435] Inferred typings from unresolved imports: ["@/app-configs","@/components","@/views","vue","vue-analytics","vue-router"]
[07:49:17.435] Result: {"cachedTypingPaths":[],"newTypingNames":["@/app-configs","@/components","@/views","vue","vue-analytics","vue-router"],"filesToWatch":["/home/pixendrit/AntiqueStore/shopping-webclient/src/routers/bower_components","/home/pixendrit/AntiqueStore/shopping-webclient/src/routers/node_modules"]}
[07:49:17.435] Finished typings discovery: {"cachedTypingPaths":[],"newTypingNames":["@/app-configs","@/components","@/views","vue","vue-analytics","vue-router"],"filesToWatch":["/home/pixendrit/AntiqueStore/shopping-webclient/src/routers/bower_components","/home/pixendrit/AntiqueStore/shopping-webclient/src/routers/node_modules"]}
[07:49:17.435] DirectoryWatcher:: Added:: WatchInfo: /home/pixendrit/AntiqueStore/shopping-webclient/src/routers/bower_components
[07:49:17.435] DirectoryWatcher:: Added:: WatchInfo: /home/pixendrit/AntiqueStore/shopping-webclient/src/routers/bower_components 1 undefined Project: /dev/null/inferredProject1* watcher already invoked: false
[07:49:17.437] Elapsed:: 1.080562999472022ms DirectoryWatcher:: Added:: WatchInfo: /home/pixendrit/AntiqueStore/shopping-webclient/src/routers/bower_components 1 undefined Project: /dev/null/inferredProject1* watcher already invoked: false
[07:49:17.437] DirectoryWatcher:: Added:: WatchInfo: /home/pixendrit/AntiqueStore/shopping-webclient/src/routers/node_modules
[07:49:17.437] DirectoryWatcher:: Added:: WatchInfo: /home/pixendrit/AntiqueStore/shopping-webclient/src/routers/node_modules 1 undefined Project: /dev/null/inferredProject1* watcher already invoked: false
[07:49:17.437] Elapsed:: 0.07636000029742718ms DirectoryWatcher:: Added:: WatchInfo: /home/pixendrit/AntiqueStore/shopping-webclient/src/routers/node_modules 1 undefined Project: /dev/null/inferredProject1* watcher already invoked: false
[07:49:17.437] Installing typings ["@/app-configs","@/components","@/views","vue","vue-analytics","vue-router"]
[07:49:17.437] '@/app-configs':: Package name '@/app-configs' contains non URI safe characters
[07:49:17.437] '@/components':: Package name '@/components' contains non URI safe characters
[07:49:17.437] '@/views':: Package name '@/views' contains non URI safe characters
[07:49:17.438] 'vue':: Entry for package 'vue' does not exist in local types registry - skipping...
[07:49:17.438] 'vue-analytics':: Entry for package 'vue-analytics' does not exist in local types registry - skipping...
[07:49:17.438] 'vue-router':: Entry for package 'vue-router' does not exist in local types registry - skipping...
[07:49:17.438] All typings are known to be missing or invalid - no need to install more typings
[07:49:17.438] Sending response:
    {"projectName":"/dev/null/inferredProject1*","typeAcquisition":{"enable":true,"include":[],"exclude":[]},"compilerOptions":{"module":1,"target":3,"jsx":1,"allowJs":true,"allowSyntheticDefaultImports":true,"allowNonTsExtensions":true,"noEmitForJsFiles":true,"maxNodeModuleJsDepth":2},"typings":[],"unresolvedImports":["@/app-configs","@/components","@/views","vue","vue-analytics","vue-router"],"kind":"action::set"}
[07:49:17.438] Response has been sent.
[07:55:24.136] Got install request {"projectName":"/dev/null/inferredProject2*","fileNames":["/home/pixendrit/.emacs.d/.local/etc/lsp/npm/typescript/lib/node_modules/typescript/lib/lib.es5.d.ts","/home/pixendrit/.emacs.d/.local/etc/lsp/npm/typescript/lib/node_modules/typescript/lib/lib.es2015.d.ts","/home/pixendrit/.emacs.d/.local/etc/lsp/npm/typescript/lib/node_modules/typescript/lib/lib.es2016.d.ts","/home/pixendrit/.emacs.d/.local/etc/lsp/npm/typescript/lib/node_modules/typescript/lib/lib.dom.d.ts","/home/pixendrit/.emacs.d/.local/etc/lsp/npm/typescript/lib/node_modules/typescript/lib/lib.dom.iterable.d.ts","/home/pixendrit/.emacs.d/.local/etc/lsp/npm/typescript/lib/node_modules/typescript/lib/lib.webworker.importscripts.d.ts","/home/pixendrit/.emacs.d/.local/etc/lsp/npm/typescript/lib/node_modules/typescript/lib/lib.scripthost.d.ts","/home/pixendrit/.emacs.d/.local/etc/lsp/npm/typescript/lib/node_modules/typescript/lib/lib.es2015.core.d.ts","/home/pixendrit/.emacs.d/.local/etc/lsp/npm/typescript/lib/node_modules/typescript/lib/lib.es2015.collection.d.ts","/home/pixendrit/.emacs.d/.local/etc/lsp/npm/typescript/lib/node_modules/typescript/lib/lib.es2015.generator.d.ts","/home/pixendrit/.emacs.d/.local/etc/lsp/npm/typescript/lib/node_modules/typescript/lib/lib.es2015.iterable.d.ts","/home/pixendrit/.emacs.d/.local/etc/lsp/npm/typescript/lib/node_modules/typescript/lib/lib.es2015.promise.d.ts","/home/pixendrit/.emacs.d/.local/etc/lsp/npm/typescript/lib/node_modules/typescript/lib/lib.es2015.proxy.d.ts","/home/pixendrit/.emacs.d/.local/etc/lsp/npm/typescript/lib/node_modules/typescript/lib/lib.es2015.reflect.d.ts","/home/pixendrit/.emacs.d/.local/etc/lsp/npm/typescript/lib/node_modules/typescript/lib/lib.es2015.symbol.d.ts","/home/pixendrit/.emacs.d/.local/etc/lsp/npm/typescript/lib/node_modules/typescript/lib/lib.es2015.symbol.wellknown.d.ts","/home/pixendrit/.emacs.d/.local/etc/lsp/npm/typescript/lib/node_modules/typescript/lib/lib.es2016.array.include.d.ts","/home/pixendrit/.emacs.d/.local/etc/lsp/npm/typescript/lib/node_modules/typescript/lib/lib.es2016.full.d.ts","/home/pixendrit/AntiqueStore/shopping-server/logging/logger.js","/home/pixendrit/AntiqueStore/shopping-server/services/emailService.js"],"compilerOptions":{"module":1,"target":3,"jsx":1,"allowJs":true,"allowSyntheticDefaultImports":true,"allowNonTsExtensions":true,"noEmitForJsFiles":true,"maxNodeModuleJsDepth":2},"typeAcquisition":{"enable":true,"include":[],"exclude":[]},"unresolvedImports":["winston","winston-mongodb"],"projectRootPath":"/home/pixendrit/AntiqueStore/shopping-server/services","kind":"discover"}
[07:55:24.139] Explicitly included types: []
[07:55:24.139] Inferred typings from unresolved imports: ["winston","winston-mongodb"]
[07:55:24.139] Result: {"cachedTypingPaths":[],"newTypingNames":["winston","winston-mongodb"],"filesToWatch":["/home/pixendrit/AntiqueStore/shopping-server/logging/bower_components","/home/pixendrit/AntiqueStore/shopping-server/logging/node_modules","/home/pixendrit/AntiqueStore/shopping-server/services/bower_components","/home/pixendrit/AntiqueStore/shopping-server/services/node_modules"]}
[07:55:24.139] Finished typings discovery: {"cachedTypingPaths":[],"newTypingNames":["winston","winston-mongodb"],"filesToWatch":["/home/pixendrit/AntiqueStore/shopping-server/logging/bower_components","/home/pixendrit/AntiqueStore/shopping-server/logging/node_modules","/home/pixendrit/AntiqueStore/shopping-server/services/bower_components","/home/pixendrit/AntiqueStore/shopping-server/services/node_modules"]}
[07:55:24.139] DirectoryWatcher:: Added:: WatchInfo: /home/pixendrit/AntiqueStore/shopping-server/logging/bower_components
[07:55:24.139] DirectoryWatcher:: Added:: WatchInfo: /home/pixendrit/AntiqueStore/shopping-server/logging/bower_components 1 undefined Project: /dev/null/inferredProject2* watcher already invoked: false
[07:55:24.140] Elapsed:: 0.08953200094401836ms DirectoryWatcher:: Added:: WatchInfo: /home/pixendrit/AntiqueStore/shopping-server/logging/bower_components 1 undefined Project: /dev/null/inferredProject2* watcher already invoked: false
[07:55:24.140] DirectoryWatcher:: Added:: WatchInfo: /home/pixendrit/AntiqueStore/shopping-server/logging/node_modules
[07:55:24.140] DirectoryWatcher:: Added:: WatchInfo: /home/pixendrit/AntiqueStore/shopping-server/logging/node_modules 1 undefined Project: /dev/null/inferredProject2* watcher already invoked: false
[07:55:24.140] Elapsed:: 0.058274999260902405ms DirectoryWatcher:: Added:: WatchInfo: /home/pixendrit/AntiqueStore/shopping-server/logging/node_modules 1 undefined Project: /dev/null/inferredProject2* watcher already invoked: false
[07:55:24.140] DirectoryWatcher:: Added:: WatchInfo: /home/pixendrit/AntiqueStore/shopping-server/services/bower_components
[07:55:24.140] DirectoryWatcher:: Added:: WatchInfo: /home/pixendrit/AntiqueStore/shopping-server/services/bower_components 1 undefined Project: /dev/null/inferredProject2* watcher already invoked: false
[07:55:24.140] Elapsed:: 0.06680100038647652ms DirectoryWatcher:: Added:: WatchInfo: /home/pixendrit/AntiqueStore/shopping-server/services/bower_components 1 undefined Project: /dev/null/inferredProject2* watcher already invoked: false
[07:55:24.140] DirectoryWatcher:: Added:: WatchInfo: /home/pixendrit/AntiqueStore/shopping-server/services/node_modules
[07:55:24.140] DirectoryWatcher:: Added:: WatchInfo: /home/pixendrit/AntiqueStore/shopping-server/services/node_modules 1 undefined Project: /dev/null/inferredProject2* watcher already invoked: false
[07:55:24.140] Elapsed:: 0.06396299973130226ms DirectoryWatcher:: Added:: WatchInfo: /home/pixendrit/AntiqueStore/shopping-server/services/node_modules 1 undefined Project: /dev/null/inferredProject2* watcher already invoked: false
[07:55:24.140] Installing typings ["winston","winston-mongodb"]
[07:55:24.140] 'winston':: Entry for package 'winston' does not exist in local types registry - skipping...
[07:55:24.140] 'winston-mongodb':: Entry for package 'winston-mongodb' does not exist in local types registry - skipping...
[07:55:24.140] All typings are known to be missing or invalid - no need to install more typings
[07:55:24.140] Sending response:
    {"projectName":"/dev/null/inferredProject2*","typeAcquisition":{"enable":true,"include":[],"exclude":[]},"compilerOptions":{"module":1,"target":3,"jsx":1,"allowJs":true,"allowSyntheticDefaultImports":true,"allowNonTsExtensions":true,"noEmitForJsFiles":true,"maxNodeModuleJsDepth":2},"typings":[],"unresolvedImports":["winston","winston-mongodb"],"kind":"action::set"}
[07:55:24.140] Response has been sent.
[07:57:17.361] Got install request {"projectName":"/dev/null/inferredProject3*","fileNames":["/home/pixendrit/.emacs.d/.local/etc/lsp/npm/typescript/lib/node_modules/typescript/lib/lib.es5.d.ts","/home/pixendrit/.emacs.d/.local/etc/lsp/npm/typescript/lib/node_modules/typescript/lib/lib.es2015.d.ts","/home/pixendrit/.emacs.d/.local/etc/lsp/npm/typescript/lib/node_modules/typescript/lib/lib.es2016.d.ts","/home/pixendrit/.emacs.d/.local/etc/lsp/npm/typescript/lib/node_modules/typescript/lib/lib.dom.d.ts","/home/pixendrit/.emacs.d/.local/etc/lsp/npm/typescript/lib/node_modules/typescript/lib/lib.dom.iterable.d.ts","/home/pixendrit/.emacs.d/.local/etc/lsp/npm/typescript/lib/node_modules/typescript/lib/lib.webworker.importscripts.d.ts","/home/pixendrit/.emacs.d/.local/etc/lsp/npm/typescript/lib/node_modules/typescript/lib/lib.scripthost.d.ts","/home/pixendrit/.emacs.d/.local/etc/lsp/npm/typescript/lib/node_modules/typescript/lib/lib.es2015.core.d.ts","/home/pixendrit/.emacs.d/.local/etc/lsp/npm/typescript/lib/node_modules/typescript/lib/lib.es2015.collection.d.ts","/home/pixendrit/.emacs.d/.local/etc/lsp/npm/typescript/lib/node_modules/typescript/lib/lib.es2015.generator.d.ts","/home/pixendrit/.emacs.d/.local/etc/lsp/npm/typescript/lib/node_modules/typescript/lib/lib.es2015.iterable.d.ts","/home/pixendrit/.emacs.d/.local/etc/lsp/npm/typescript/lib/node_modules/typescript/lib/lib.es2015.promise.d.ts","/home/pixendrit/.emacs.d/.local/etc/lsp/npm/typescript/lib/node_modules/typescript/lib/lib.es2015.proxy.d.ts","/home/pixendrit/.emacs.d/.local/etc/lsp/npm/typescript/lib/node_modules/typescript/lib/lib.es2015.reflect.d.ts","/home/pixendrit/.emacs.d/.local/etc/lsp/npm/typescript/lib/node_modules/typescript/lib/lib.es2015.symbol.d.ts","/home/pixendrit/.emacs.d/.local/etc/lsp/npm/typescript/lib/node_modules/typescript/lib/lib.es2015.symbol.wellknown.d.ts","/home/pixendrit/.emacs.d/.local/etc/lsp/npm/typescript/lib/node_modules/typescript/lib/lib.es2016.array.include.d.ts","/home/pixendrit/.emacs.d/.local/etc/lsp/npm/typescript/lib/node_modules/typescript/lib/lib.es2016.full.d.ts","/home/pixendrit/AntiqueStore/management-server/logging/logger.js","/home/pixendrit/AntiqueStore/management-server/services/emailServiceSendgrid.js"],"compilerOptions":{"module":1,"target":3,"jsx":1,"allowJs":true,"allowSyntheticDefaultImports":true,"allowNonTsExtensions":true,"noEmitForJsFiles":true,"maxNodeModuleJsDepth":2},"typeAcquisition":{"enable":true,"include":[],"exclude":[]},"unresolvedImports":["@sendgrid/mail","winston","winston-mongodb"],"projectRootPath":"/home/pixendrit/AntiqueStore/management-server/services","kind":"discover"}
[07:57:17.361] Explicitly included types: []
[07:57:17.361] Inferred typings from unresolved imports: ["@sendgrid/mail","winston","winston-mongodb"]
[07:57:17.361] Result: {"cachedTypingPaths":[],"newTypingNames":["@sendgrid/mail","winston","winston-mongodb"],"filesToWatch":["/home/pixendrit/AntiqueStore/management-server/logging/bower_components","/home/pixendrit/AntiqueStore/management-server/logging/node_modules","/home/pixendrit/AntiqueStore/management-server/services/bower_components","/home/pixendrit/AntiqueStore/management-server/services/node_modules"]}
[07:57:17.361] Finished typings discovery: {"cachedTypingPaths":[],"newTypingNames":["@sendgrid/mail","winston","winston-mongodb"],"filesToWatch":["/home/pixendrit/AntiqueStore/management-server/logging/bower_components","/home/pixendrit/AntiqueStore/management-server/logging/node_modules","/home/pixendrit/AntiqueStore/management-server/services/bower_components","/home/pixendrit/AntiqueStore/management-server/services/node_modules"]}
[07:57:17.362] DirectoryWatcher:: Added:: WatchInfo: /home/pixendrit/AntiqueStore/management-server/logging/bower_components
[07:57:17.362] DirectoryWatcher:: Added:: WatchInfo: /home/pixendrit/AntiqueStore/management-server/logging/bower_components 1 undefined Project: /dev/null/inferredProject3* watcher already invoked: false
[07:57:17.362] Elapsed:: 0.24766100011765957ms DirectoryWatcher:: Added:: WatchInfo: /home/pixendrit/AntiqueStore/management-server/logging/bower_components 1 undefined Project: /dev/null/inferredProject3* watcher already invoked: false
[07:57:17.362] DirectoryWatcher:: Added:: WatchInfo: /home/pixendrit/AntiqueStore/management-server/logging/node_modules
[07:57:17.362] DirectoryWatcher:: Added:: WatchInfo: /home/pixendrit/AntiqueStore/management-server/logging/node_modules 1 undefined Project: /dev/null/inferredProject3* watcher already invoked: false
[07:57:17.363] Elapsed:: 0.20433600060641766ms DirectoryWatcher:: Added:: WatchInfo: /home/pixendrit/AntiqueStore/management-server/logging/node_modules 1 undefined Project: /dev/null/inferredProject3* watcher already invoked: false
[07:57:17.363] DirectoryWatcher:: Added:: WatchInfo: /home/pixendrit/AntiqueStore/management-server/services/bower_components
[07:57:17.363] DirectoryWatcher:: Added:: WatchInfo: /home/pixendrit/AntiqueStore/management-server/services/bower_components 1 undefined Project: /dev/null/inferredProject3* watcher already invoked: false
[07:57:17.363] Elapsed:: 0.3913879990577698ms DirectoryWatcher:: Added:: WatchInfo: /home/pixendrit/AntiqueStore/management-server/services/bower_components 1 undefined Project: /dev/null/inferredProject3* watcher already invoked: false
[07:57:17.364] DirectoryWatcher:: Added:: WatchInfo: /home/pixendrit/AntiqueStore/management-server/services/node_modules
[07:57:17.364] DirectoryWatcher:: Added:: WatchInfo: /home/pixendrit/AntiqueStore/management-server/services/node_modules 1 undefined Project: /dev/null/inferredProject3* watcher already invoked: false
[07:57:17.364] Elapsed:: 0.23201899975538254ms DirectoryWatcher:: Added:: WatchInfo: /home/pixendrit/AntiqueStore/management-server/services/node_modules 1 undefined Project: /dev/null/inferredProject3* watcher already invoked: false
[07:57:17.364] Installing typings ["@sendgrid/mail","winston","winston-mongodb"]
[07:57:17.364] '@sendgrid/mail':: Entry for package 'sendgrid__mail' does not exist in local types registry - skipping...
[07:57:17.364] 'winston':: Entry for package 'winston' does not exist in local types registry - skipping...
[07:57:17.364] 'winston-mongodb':: Entry for package 'winston-mongodb' does not exist in local types registry - skipping...
[07:57:17.364] All typings are known to be missing or invalid - no need to install more typings
[07:57:17.365] Sending response:
    {"projectName":"/dev/null/inferredProject3*","typeAcquisition":{"enable":true,"include":[],"exclude":[]},"compilerOptions":{"module":1,"target":3,"jsx":1,"allowJs":true,"allowSyntheticDefaultImports":true,"allowNonTsExtensions":true,"noEmitForJsFiles":true,"maxNodeModuleJsDepth":2},"typings":[],"unresolvedImports":["@sendgrid/mail","winston","winston-mongodb"],"kind":"action::set"}
[07:57:17.365] Response has been sent.
[07:58:37.210] Got install request {"projectName":"/dev/null/inferredProject4*","fileNames":["/home/pixendrit/.emacs.d/.local/etc/lsp/npm/typescript/lib/node_modules/typescript/lib/lib.es5.d.ts","/home/pixendrit/.emacs.d/.local/etc/lsp/npm/typescript/lib/node_modules/typescript/lib/lib.es2015.d.ts","/home/pixendrit/.emacs.d/.local/etc/lsp/npm/typescript/lib/node_modules/typescript/lib/lib.es2016.d.ts","/home/pixendrit/.emacs.d/.local/etc/lsp/npm/typescript/lib/node_modules/typescript/lib/lib.dom.d.ts","/home/pixendrit/.emacs.d/.local/etc/lsp/npm/typescript/lib/node_modules/typescript/lib/lib.dom.iterable.d.ts","/home/pixendrit/.emacs.d/.local/etc/lsp/npm/typescript/lib/node_modules/typescript/lib/lib.webworker.importscripts.d.ts","/home/pixendrit/.emacs.d/.local/etc/lsp/npm/typescript/lib/node_modules/typescript/lib/lib.scripthost.d.ts","/home/pixendrit/.emacs.d/.local/etc/lsp/npm/typescript/lib/node_modules/typescript/lib/lib.es2015.core.d.ts","/home/pixendrit/.emacs.d/.local/etc/lsp/npm/typescript/lib/node_modules/typescript/lib/lib.es2015.collection.d.ts","/home/pixendrit/.emacs.d/.local/etc/lsp/npm/typescript/lib/node_modules/typescript/lib/lib.es2015.generator.d.ts","/home/pixendrit/.emacs.d/.local/etc/lsp/npm/typescript/lib/node_modules/typescript/lib/lib.es2015.iterable.d.ts","/home/pixendrit/.emacs.d/.local/etc/lsp/npm/typescript/lib/node_modules/typescript/lib/lib.es2015.promise.d.ts","/home/pixendrit/.emacs.d/.local/etc/lsp/npm/typescript/lib/node_modules/typescript/lib/lib.es2015.proxy.d.ts","/home/pixendrit/.emacs.d/.local/etc/lsp/npm/typescript/lib/node_modules/typescript/lib/lib.es2015.reflect.d.ts","/home/pixendrit/.emacs.d/.local/etc/lsp/npm/typescript/lib/node_modules/typescript/lib/lib.es2015.symbol.d.ts","/home/pixendrit/.emacs.d/.local/etc/lsp/npm/typescript/lib/node_modules/typescript/lib/lib.es2015.symbol.wellknown.d.ts","/home/pixendrit/.emacs.d/.local/etc/lsp/npm/typescript/lib/node_modules/typescript/lib/lib.es2016.array.include.d.ts","/home/pixendrit/.emacs.d/.local/etc/lsp/npm/typescript/lib/node_modules/typescript/lib/lib.es2016.full.d.ts","/home/pixendrit/AntiqueStore/shopping-server/logging/logger.js","/home/pixendrit/AntiqueStore/shopping-server/services/emailServiceSendgrid.js"],"compilerOptions":{"module":1,"target":3,"jsx":1,"allowJs":true,"allowSyntheticDefaultImports":true,"allowNonTsExtensions":true,"noEmitForJsFiles":true,"maxNodeModuleJsDepth":2},"typeAcquisition":{"enable":true,"include":[],"exclude":[]},"unresolvedImports":["@sendgrid/mail","winston","winston-mongodb"],"projectRootPath":"/home/pixendrit/AntiqueStore/shopping-server/services","kind":"discover"}
[07:58:37.211] Explicitly included types: []
[07:58:37.211] Inferred typings from unresolved imports: ["@sendgrid/mail","winston","winston-mongodb"]
[07:58:37.212] Result: {"cachedTypingPaths":[],"newTypingNames":["@sendgrid/mail","winston","winston-mongodb"],"filesToWatch":["/home/pixendrit/AntiqueStore/shopping-server/logging/bower_components","/home/pixendrit/AntiqueStore/shopping-server/logging/node_modules","/home/pixendrit/AntiqueStore/shopping-server/services/bower_components","/home/pixendrit/AntiqueStore/shopping-server/services/node_modules"]}
[07:58:37.212] Finished typings discovery: {"cachedTypingPaths":[],"newTypingNames":["@sendgrid/mail","winston","winston-mongodb"],"filesToWatch":["/home/pixendrit/AntiqueStore/shopping-server/logging/bower_components","/home/pixendrit/AntiqueStore/shopping-server/logging/node_modules","/home/pixendrit/AntiqueStore/shopping-server/services/bower_components","/home/pixendrit/AntiqueStore/shopping-server/services/node_modules"]}
[07:58:37.212] DirectoryWatcher:: Added:: WatchInfo: /home/pixendrit/AntiqueStore/shopping-server/logging/bower_components
[07:58:37.212] DirectoryWatcher:: Added:: WatchInfo: /home/pixendrit/AntiqueStore/shopping-server/logging/bower_components 1 undefined Project: /dev/null/inferredProject4* watcher already invoked: false
[07:58:37.212] Elapsed:: 0.08254900015890598ms DirectoryWatcher:: Added:: WatchInfo: /home/pixendrit/AntiqueStore/shopping-server/logging/bower_components 1 undefined Project: /dev/null/inferredProject4* watcher already invoked: false
[07:58:37.212] DirectoryWatcher:: Added:: WatchInfo: /home/pixendrit/AntiqueStore/shopping-server/logging/node_modules
[07:58:37.213] DirectoryWatcher:: Added:: WatchInfo: /home/pixendrit/AntiqueStore/shopping-server/logging/node_modules 1 undefined Project: /dev/null/inferredProject4* watcher already invoked: false
[07:58:37.213] Elapsed:: 0.01811099983751774ms DirectoryWatcher:: Added:: WatchInfo: /home/pixendrit/AntiqueStore/shopping-server/logging/node_modules 1 undefined Project: /dev/null/inferredProject4* watcher already invoked: false
[07:58:37.213] DirectoryWatcher:: Added:: WatchInfo: /home/pixendrit/AntiqueStore/shopping-server/services/bower_components
[07:58:37.213] DirectoryWatcher:: Added:: WatchInfo: /home/pixendrit/AntiqueStore/shopping-server/services/bower_components 1 undefined Project: /dev/null/inferredProject4* watcher already invoked: false
[07:58:37.213] Elapsed:: 0.17668000049889088ms DirectoryWatcher:: Added:: WatchInfo: /home/pixendrit/AntiqueStore/shopping-server/services/bower_components 1 undefined Project: /dev/null/inferredProject4* watcher already invoked: false
[07:58:37.214] DirectoryWatcher:: Added:: WatchInfo: /home/pixendrit/AntiqueStore/shopping-server/services/node_modules
[07:58:37.214] DirectoryWatcher:: Added:: WatchInfo: /home/pixendrit/AntiqueStore/shopping-server/services/node_modules 1 undefined Project: /dev/null/inferredProject4* watcher already invoked: false
[07:58:37.214] Elapsed:: 0.01255900040268898ms DirectoryWatcher:: Added:: WatchInfo: /home/pixendrit/AntiqueStore/shopping-server/services/node_modules 1 undefined Project: /dev/null/inferredProject4* watcher already invoked: false
[07:58:37.214] Installing typings ["@sendgrid/mail","winston","winston-mongodb"]
[07:58:37.214] '@sendgrid/mail':: Entry for package 'sendgrid__mail' does not exist in local types registry - skipping...
[07:58:37.214] 'winston':: Entry for package 'winston' does not exist in local types registry - skipping...
[07:58:37.214] 'winston-mongodb':: Entry for package 'winston-mongodb' does not exist in local types registry - skipping...
[07:58:37.214] All typings are known to be missing or invalid - no need to install more typings
[07:58:37.214] Sending response:
    {"projectName":"/dev/null/inferredProject4*","typeAcquisition":{"enable":true,"include":[],"exclude":[]},"compilerOptions":{"module":1,"target":3,"jsx":1,"allowJs":true,"allowSyntheticDefaultImports":true,"allowNonTsExtensions":true,"noEmitForJsFiles":true,"maxNodeModuleJsDepth":2},"typings":[],"unresolvedImports":["@sendgrid/mail","winston","winston-mongodb"],"kind":"action::set"}
[07:58:37.214] Response has been sent.
[07:59:29.390] Got install request {"projectName":"/dev/null/inferredProject5*","fileNames":["/home/pixendrit/.emacs.d/.local/etc/lsp/npm/typescript/lib/node_modules/typescript/lib/lib.es5.d.ts","/home/pixendrit/.emacs.d/.local/etc/lsp/npm/typescript/lib/node_modules/typescript/lib/lib.es2015.d.ts","/home/pixendrit/.emacs.d/.local/etc/lsp/npm/typescript/lib/node_modules/typescript/lib/lib.es2016.d.ts","/home/pixendrit/.emacs.d/.local/etc/lsp/npm/typescript/lib/node_modules/typescript/lib/lib.dom.d.ts","/home/pixendrit/.emacs.d/.local/etc/lsp/npm/typescript/lib/node_modules/typescript/lib/lib.dom.iterable.d.ts","/home/pixendrit/.emacs.d/.local/etc/lsp/npm/typescript/lib/node_modules/typescript/lib/lib.webworker.importscripts.d.ts","/home/pixendrit/.emacs.d/.local/etc/lsp/npm/typescript/lib/node_modules/typescript/lib/lib.scripthost.d.ts","/home/pixendrit/.emacs.d/.local/etc/lsp/npm/typescript/lib/node_modules/typescript/lib/lib.es2015.core.d.ts","/home/pixendrit/.emacs.d/.local/etc/lsp/npm/typescript/lib/node_modules/typescript/lib/lib.es2015.collection.d.ts","/home/pixendrit/.emacs.d/.local/etc/lsp/npm/typescript/lib/node_modules/typescript/lib/lib.es2015.generator.d.ts","/home/pixendrit/.emacs.d/.local/etc/lsp/npm/typescript/lib/node_modules/typescript/lib/lib.es2015.iterable.d.ts","/home/pixendrit/.emacs.d/.local/etc/lsp/npm/typescript/lib/node_modules/typescript/lib/lib.es2015.promise.d.ts","/home/pixendrit/.emacs.d/.local/etc/lsp/npm/typescript/lib/node_modules/typescript/lib/lib.es2015.proxy.d.ts","/home/pixendrit/.emacs.d/.local/etc/lsp/npm/typescript/lib/node_modules/typescript/lib/lib.es2015.reflect.d.ts","/home/pixendrit/.emacs.d/.local/etc/lsp/npm/typescript/lib/node_modules/typescript/lib/lib.es2015.symbol.d.ts","/home/pixendrit/.emacs.d/.local/etc/lsp/npm/typescript/lib/node_modules/typescript/lib/lib.es2015.symbol.wellknown.d.ts","/home/pixendrit/.emacs.d/.local/etc/lsp/npm/typescript/lib/node_modules/typescript/lib/lib.es2016.array.include.d.ts","/home/pixendrit/.emacs.d/.local/etc/lsp/npm/typescript/lib/node_modules/typescript/lib/lib.es2016.full.d.ts","/home/pixendrit/AntiqueStore/management-server/logging/logger.js","/home/pixendrit/AntiqueStore/management-server/services/emailService.js"],"compilerOptions":{"module":1,"target":3,"jsx":1,"allowJs":true,"allowSyntheticDefaultImports":true,"allowNonTsExtensions":true,"noEmitForJsFiles":true,"maxNodeModuleJsDepth":2},"typeAcquisition":{"enable":true,"include":[],"exclude":[]},"unresolvedImports":["winston","winston-mongodb"],"projectRootPath":"/home/pixendrit/AntiqueStore/management-server/services","kind":"discover"}
[07:59:29.391] Explicitly included types: []
[07:59:29.392] Inferred typings from unresolved imports: ["winston","winston-mongodb"]
[07:59:29.392] Result: {"cachedTypingPaths":[],"newTypingNames":["winston","winston-mongodb"],"filesToWatch":["/home/pixendrit/AntiqueStore/management-server/logging/bower_components","/home/pixendrit/AntiqueStore/management-server/logging/node_modules","/home/pixendrit/AntiqueStore/management-server/services/bower_components","/home/pixendrit/AntiqueStore/management-server/services/node_modules"]}
[07:59:29.392] Finished typings discovery: {"cachedTypingPaths":[],"newTypingNames":["winston","winston-mongodb"],"filesToWatch":["/home/pixendrit/AntiqueStore/management-server/logging/bower_components","/home/pixendrit/AntiqueStore/management-server/logging/node_modules","/home/pixendrit/AntiqueStore/management-server/services/bower_components","/home/pixendrit/AntiqueStore/management-server/services/node_modules"]}
[07:59:29.392] DirectoryWatcher:: Added:: WatchInfo: /home/pixendrit/AntiqueStore/management-server/logging/bower_components
[07:59:29.392] DirectoryWatcher:: Added:: WatchInfo: /home/pixendrit/AntiqueStore/management-server/logging/bower_components 1 undefined Project: /dev/null/inferredProject5* watcher already invoked: false
[07:59:29.393] Elapsed:: 0.20848100073635578ms DirectoryWatcher:: Added:: WatchInfo: /home/pixendrit/AntiqueStore/management-server/logging/bower_components 1 undefined Project: /dev/null/inferredProject5* watcher already invoked: false
[07:59:29.393] DirectoryWatcher:: Added:: WatchInfo: /home/pixendrit/AntiqueStore/management-server/logging/node_modules
[07:59:29.393] DirectoryWatcher:: Added:: WatchInfo: /home/pixendrit/AntiqueStore/management-server/logging/node_modules 1 undefined Project: /dev/null/inferredProject5* watcher already invoked: false
[07:59:29.393] Elapsed:: 0.024775998666882515ms DirectoryWatcher:: Added:: WatchInfo: /home/pixendrit/AntiqueStore/management-server/logging/node_modules 1 undefined Project: /dev/null/inferredProject5* watcher already invoked: false
[07:59:29.393] DirectoryWatcher:: Added:: WatchInfo: /home/pixendrit/AntiqueStore/management-server/services/bower_components
[07:59:29.394] DirectoryWatcher:: Added:: WatchInfo: /home/pixendrit/AntiqueStore/management-server/services/bower_components 1 undefined Project: /dev/null/inferredProject5* watcher already invoked: false
[07:59:29.394] Elapsed:: 0.01976200006902218ms DirectoryWatcher:: Added:: WatchInfo: /home/pixendrit/AntiqueStore/management-server/services/bower_components 1 undefined Project: /dev/null/inferredProject5* watcher already invoked: false
[07:59:29.394] DirectoryWatcher:: Added:: WatchInfo: /home/pixendrit/AntiqueStore/management-server/services/node_modules
[07:59:29.394] DirectoryWatcher:: Added:: WatchInfo: /home/pixendrit/AntiqueStore/management-server/services/node_modules 1 undefined Project: /dev/null/inferredProject5* watcher already invoked: false
[07:59:29.394] Elapsed:: 0.011194000020623207ms DirectoryWatcher:: Added:: WatchInfo: /home/pixendrit/AntiqueStore/management-server/services/node_modules 1 undefined Project: /dev/null/inferredProject5* watcher already invoked: false
[07:59:29.394] Installing typings ["winston","winston-mongodb"]
[07:59:29.394] 'winston':: Entry for package 'winston' does not exist in local types registry - skipping...
[07:59:29.394] 'winston-mongodb':: Entry for package 'winston-mongodb' does not exist in local types registry - skipping...
[07:59:29.394] All typings are known to be missing or invalid - no need to install more typings
[07:59:29.395] Sending response:
    {"projectName":"/dev/null/inferredProject5*","typeAcquisition":{"enable":true,"include":[],"exclude":[]},"compilerOptions":{"module":1,"target":3,"jsx":1,"allowJs":true,"allowSyntheticDefaultImports":true,"allowNonTsExtensions":true,"noEmitForJsFiles":true,"maxNodeModuleJsDepth":2},"typings":[],"unresolvedImports":["winston","winston-mongodb"],"kind":"action::set"}
[07:59:29.395] Response has been sent.
[08:14:21.923] Got install request {"projectName":"/dev/null/inferredProject6*","fileNames":["/home/pixendrit/.emacs.d/.local/etc/lsp/npm/typescript/lib/node_modules/typescript/lib/lib.es5.d.ts","/home/pixendrit/.emacs.d/.local/etc/lsp/npm/typescript/lib/node_modules/typescript/lib/lib.es2015.d.ts","/home/pixendrit/.emacs.d/.local/etc/lsp/npm/typescript/lib/node_modules/typescript/lib/lib.es2016.d.ts","/home/pixendrit/.emacs.d/.local/etc/lsp/npm/typescript/lib/node_modules/typescript/lib/lib.dom.d.ts","/home/pixendrit/.emacs.d/.local/etc/lsp/npm/typescript/lib/node_modules/typescript/lib/lib.dom.iterable.d.ts","/home/pixendrit/.emacs.d/.local/etc/lsp/npm/typescript/lib/node_modules/typescript/lib/lib.webworker.importscripts.d.ts","/home/pixendrit/.emacs.d/.local/etc/lsp/npm/typescript/lib/node_modules/typescript/lib/lib.scripthost.d.ts","/home/pixendrit/.emacs.d/.local/etc/lsp/npm/typescript/lib/node_modules/typescript/lib/lib.es2015.core.d.ts","/home/pixendrit/.emacs.d/.local/etc/lsp/npm/typescript/lib/node_modules/typescript/lib/lib.es2015.collection.d.ts","/home/pixendrit/.emacs.d/.local/etc/lsp/npm/typescript/lib/node_modules/typescript/lib/lib.es2015.generator.d.ts","/home/pixendrit/.emacs.d/.local/etc/lsp/npm/typescript/lib/node_modules/typescript/lib/lib.es2015.iterable.d.ts","/home/pixendrit/.emacs.d/.local/etc/lsp/npm/typescript/lib/node_modules/typescript/lib/lib.es2015.promise.d.ts","/home/pixendrit/.emacs.d/.local/etc/lsp/npm/typescript/lib/node_modules/typescript/lib/lib.es2015.proxy.d.ts","/home/pixendrit/.emacs.d/.local/etc/lsp/npm/typescript/lib/node_modules/typescript/lib/lib.es2015.reflect.d.ts","/home/pixendrit/.emacs.d/.local/etc/lsp/npm/typescript/lib/node_modules/typescript/lib/lib.es2015.symbol.d.ts","/home/pixendrit/.emacs.d/.local/etc/lsp/npm/typescript/lib/node_modules/typescript/lib/lib.es2015.symbol.wellknown.d.ts","/home/pixendrit/.emacs.d/.local/etc/lsp/npm/typescript/lib/node_modules/typescript/lib/lib.es2016.array.include.d.ts","/home/pixendrit/.emacs.d/.local/etc/lsp/npm/typescript/lib/node_modules/typescript/lib/lib.es2016.full.d.ts","/home/pixendrit/AntiqueStore/management-server/database/models/user.js","/home/pixendrit/AntiqueStore/management-server/authentication/cryptoGen.js","/home/pixendrit/AntiqueStore/management-server/logging/logger.js","/home/pixendrit/AntiqueStore/management-server/services/emailServiceSendgrid.js","/home/pixendrit/AntiqueStore/management-server/services/securityService.js"],"compilerOptions":{"module":1,"target":3,"jsx":1,"allowJs":true,"allowSyntheticDefaultImports":true,"allowNonTsExtensions":true,"noEmitForJsFiles":true,"maxNodeModuleJsDepth":2},"typeAcquisition":{"enable":true,"include":[],"exclude":[]},"unresolvedImports":["@sendgrid/mail","bcrypt-nodejs","http-status-codes","winston","winston-mongodb"],"projectRootPath":"/home/pixendrit/AntiqueStore/management-server/services","kind":"discover"}
[08:14:21.924] Explicitly included types: []
[08:14:21.924] Inferred typings from unresolved imports: ["@sendgrid/mail","bcrypt-nodejs","http-status-codes","winston","winston-mongodb"]
[08:14:21.924] Result: {"cachedTypingPaths":[],"newTypingNames":["@sendgrid/mail","bcrypt-nodejs","http-status-codes","winston","winston-mongodb"],"filesToWatch":["/home/pixendrit/AntiqueStore/management-server/database/models/bower_components","/home/pixendrit/AntiqueStore/management-server/database/models/node_modules","/home/pixendrit/AntiqueStore/management-server/authentication/bower_components","/home/pixendrit/AntiqueStore/management-server/authentication/node_modules","/home/pixendrit/AntiqueStore/management-server/logging/bower_components","/home/pixendrit/AntiqueStore/management-server/logging/node_modules","/home/pixendrit/AntiqueStore/management-server/services/bower_components","/home/pixendrit/AntiqueStore/management-server/services/node_modules"]}
[08:14:21.924] Finished typings discovery: {"cachedTypingPaths":[],"newTypingNames":["@sendgrid/mail","bcrypt-nodejs","http-status-codes","winston","winston-mongodb"],"filesToWatch":["/home/pixendrit/AntiqueStore/management-server/database/models/bower_components","/home/pixendrit/AntiqueStore/management-server/database/models/node_modules","/home/pixendrit/AntiqueStore/management-server/authentication/bower_components","/home/pixendrit/AntiqueStore/management-server/authentication/node_modules","/home/pixendrit/AntiqueStore/management-server/logging/bower_components","/home/pixendrit/AntiqueStore/management-server/logging/node_modules","/home/pixendrit/AntiqueStore/management-server/services/bower_components","/home/pixendrit/AntiqueStore/management-server/services/node_modules"]}
[08:14:21.924] DirectoryWatcher:: Added:: WatchInfo: /home/pixendrit/AntiqueStore/management-server/database/models/bower_components
[08:14:21.924] DirectoryWatcher:: Added:: WatchInfo: /home/pixendrit/AntiqueStore/management-server/database/models/bower_components 1 undefined Project: /dev/null/inferredProject6* watcher already invoked: false
[08:14:21.925] Elapsed:: 0.1980840004980564ms DirectoryWatcher:: Added:: WatchInfo: /home/pixendrit/AntiqueStore/management-server/database/models/bower_components 1 undefined Project: /dev/null/inferredProject6* watcher already invoked: false
[08:14:21.925] DirectoryWatcher:: Added:: WatchInfo: /home/pixendrit/AntiqueStore/management-server/database/models/node_modules
[08:14:21.925] DirectoryWatcher:: Added:: WatchInfo: /home/pixendrit/AntiqueStore/management-server/database/models/node_modules 1 undefined Project: /dev/null/inferredProject6* watcher already invoked: false
[08:14:21.925] Elapsed:: 0.06482100114226341ms DirectoryWatcher:: Added:: WatchInfo: /home/pixendrit/AntiqueStore/management-server/database/models/node_modules 1 undefined Project: /dev/null/inferredProject6* watcher already invoked: false
[08:14:21.925] DirectoryWatcher:: Added:: WatchInfo: /home/pixendrit/AntiqueStore/management-server/authentication/bower_components
[08:14:21.925] DirectoryWatcher:: Added:: WatchInfo: /home/pixendrit/AntiqueStore/management-server/authentication/bower_components 1 undefined Project: /dev/null/inferredProject6* watcher already invoked: false
[08:14:21.925] Elapsed:: 0.058493999764323235ms DirectoryWatcher:: Added:: WatchInfo: /home/pixendrit/AntiqueStore/management-server/authentication/bower_components 1 undefined Project: /dev/null/inferredProject6* watcher already invoked: false
[08:14:21.925] DirectoryWatcher:: Added:: WatchInfo: /home/pixendrit/AntiqueStore/management-server/authentication/node_modules
[08:14:21.925] DirectoryWatcher:: Added:: WatchInfo: /home/pixendrit/AntiqueStore/management-server/authentication/node_modules 1 undefined Project: /dev/null/inferredProject6* watcher already invoked: false
[08:14:21.925] Elapsed:: 0.051253000274300575ms DirectoryWatcher:: Added:: WatchInfo: /home/pixendrit/AntiqueStore/management-server/authentication/node_modules 1 undefined Project: /dev/null/inferredProject6* watcher already invoked: false
[08:14:21.925] DirectoryWatcher:: Added:: WatchInfo: /home/pixendrit/AntiqueStore/management-server/logging/bower_components
[08:14:21.925] DirectoryWatcher:: Added:: WatchInfo: /home/pixendrit/AntiqueStore/management-server/logging/bower_components 1 undefined Project: /dev/null/inferredProject6* watcher already invoked: false
[08:14:21.925] Elapsed:: 0.0026750005781650543ms DirectoryWatcher:: Added:: WatchInfo: /home/pixendrit/AntiqueStore/management-server/logging/bower_components 1 undefined Project: /dev/null/inferredProject6* watcher already invoked: false
[08:14:21.925] DirectoryWatcher:: Added:: WatchInfo: /home/pixendrit/AntiqueStore/management-server/logging/node_modules
[08:14:21.925] DirectoryWatcher:: Added:: WatchInfo: /home/pixendrit/AntiqueStore/management-server/logging/node_modules 1 undefined Project: /dev/null/inferredProject6* watcher already invoked: false
[08:14:21.925] Elapsed:: 0.00252700038254261ms DirectoryWatcher:: Added:: WatchInfo: /home/pixendrit/AntiqueStore/management-server/logging/node_modules 1 undefined Project: /dev/null/inferredProject6* watcher already invoked: false
[08:14:21.925] DirectoryWatcher:: Added:: WatchInfo: /home/pixendrit/AntiqueStore/management-server/services/bower_components
[08:14:21.925] DirectoryWatcher:: Added:: WatchInfo: /home/pixendrit/AntiqueStore/management-server/services/bower_components 1 undefined Project: /dev/null/inferredProject6* watcher already invoked: false
[08:14:21.925] Elapsed:: 0.00254799984395504ms DirectoryWatcher:: Added:: WatchInfo: /home/pixendrit/AntiqueStore/management-server/services/bower_components 1 undefined Project: /dev/null/inferredProject6* watcher already invoked: false
[08:14:21.925] DirectoryWatcher:: Added:: WatchInfo: /home/pixendrit/AntiqueStore/management-server/services/node_modules
[08:14:21.925] DirectoryWatcher:: Added:: WatchInfo: /home/pixendrit/AntiqueStore/management-server/services/node_modules 1 undefined Project: /dev/null/inferredProject6* watcher already invoked: false
[08:14:21.925] Elapsed:: 0.0024209991097450256ms DirectoryWatcher:: Added:: WatchInfo: /home/pixendrit/AntiqueStore/management-server/services/node_modules 1 undefined Project: /dev/null/inferredProject6* watcher already invoked: false
[08:14:21.925] Installing typings ["@sendgrid/mail","bcrypt-nodejs","http-status-codes","winston","winston-mongodb"]
[08:14:21.925] '@sendgrid/mail':: Entry for package 'sendgrid__mail' does not exist in local types registry - skipping...
[08:14:21.925] 'bcrypt-nodejs':: Entry for package 'bcrypt-nodejs' does not exist in local types registry - skipping...
[08:14:21.925] 'http-status-codes':: Entry for package 'http-status-codes' does not exist in local types registry - skipping...
[08:14:21.925] 'winston':: Entry for package 'winston' does not exist in local types registry - skipping...
[08:14:21.925] 'winston-mongodb':: Entry for package 'winston-mongodb' does not exist in local types registry - skipping...
[08:14:21.925] All typings are known to be missing or invalid - no need to install more typings
[08:14:21.925] Sending response:
    {"projectName":"/dev/null/inferredProject6*","typeAcquisition":{"enable":true,"include":[],"exclude":[]},"compilerOptions":{"module":1,"target":3,"jsx":1,"allowJs":true,"allowSyntheticDefaultImports":true,"allowNonTsExtensions":true,"noEmitForJsFiles":true,"maxNodeModuleJsDepth":2},"typings":[],"unresolvedImports":["@sendgrid/mail","bcrypt-nodejs","http-status-codes","winston","winston-mongodb"],"kind":"action::set"}
[08:14:21.926] Response has been sent.
